2022-03-24 07:31:59.249490+05:30 : INFO : StockChecker.scrapper : PS5_DE is in stock at flipkart.
2022-03-24 07:31:59.249490+05:30 : INFO : StockChecker.scrapper : Notified for PS5_DE stock at flipkart.
2022-03-24 07:31:59.249490+05:30 : INFO : StockChecker.scrapper : PS5 is in stock at reliance.
2022-03-24 07:31:59.249490+05:30 : INFO : StockChecker.scrapper : Notified for PS5 stock at reliance.
2022-03-24 07:31:59.249490+05:30 : INFO : StockChecker.scrapper : PS5 is in stock at reliance.
2022-03-24 07:31:59.249490+05:30 : INFO : StockChecker.scrapper : PS5 is in stock at reliance.
2022-03-24 07:31:59.249490+05:30 : INFO : StockChecker.scrapper : PS5 is in stock at reliance.
2022-03-24 07:31:59.249490+05:30 : INFO : StockChecker.scrapper : PS5 is in stock at reliance.
2022-03-24 07:31:59.249490+05:30 : INFO : StockChecker.scrapper : PS5 is in stock at reliance.
2022-03-24 07:31:59.249490+05:30 : INFO : StockChecker.scrapper : PS5 is in stock at reliance.
2022-03-24 07:31:59.249490+05:30 : INFO : StockChecker.scrapper : PS5 is in stock at reliance.
2022-03-24 07:31:59.249490+05:30 : INFO : StockChecker.scrapper : PS5 is in stock at reliance.
2022-03-24 07:31:59.249490+05:30 : INFO : StockChecker.scrapper : PS5 is in stock at reliance.
2022-03-24 07:31:59.249490+05:30 : INFO : StockChecker.scrapper : PS5 is in stock at reliance.
2022-03-24 07:31:59.249490+05:30 : INFO : StockChecker.scrapper : PS5 is in stock at reliance.
2022-03-24 07:31:59.249490+05:30 : INFO : StockChecker.scrapper : PS5 is in stock at reliance.
2022-03-24 07:31:59.249490+05:30 : INFO : StockChecker.scrapper : PS5 is in stock at reliance.
2022-03-24 07:31:59.249490+05:30 : INFO : StockChecker.scrapper : PS5 is in stock at reliance.
2022-03-24 07:31:59.249490+05:30 : INFO : StockChecker.scrapper : PS5 is in stock at reliance.
2022-03-24 07:31:59.249490+05:30 : INFO : StockChecker.scrapper : PS5 is in stock at reliance.
2022-03-24 07:31:59.249490+05:30 : INFO : StockChecker.scrapper : PS5 is in stock at reliance.
2022-03-24 07:31:59.249490+05:30 : INFO : StockChecker.scrapper : PS5 is in stock at reliance.
2022-03-24 07:31:59.249490+05:30 : INFO : StockChecker.scrapper : PS5 is in stock at reliance.
2022-03-24 07:31:59.249490+05:30 : INFO : StockChecker.scrapper : PS5 is in stock at reliance.
2022-03-24 07:31:59.249490+05:30 : INFO : StockChecker.scrapper : PS5 is in stock at reliance.
2022-03-24 07:31:59.249490+05:30 : INFO : StockChecker.scrapper : PS5 is in stock at reliance.
2022-03-24 07:31:59.249490+05:30 : INFO : StockChecker.scrapper : PS5 is in stock at reliance.
2022-03-24 07:31:59.249490+05:30 : INFO : StockChecker.scrapper : PS5 is in stock at reliance.
2022-03-24 07:31:59.249490+05:30 : INFO : StockChecker.scrapper : PS5 is in stock at reliance.
2022-03-24 07:31:59.249490+05:30 : INFO : StockChecker.scrapper : PS5 is in stock at reliance.
2022-03-24 07:31:59.249490+05:30 : INFO : StockChecker.scrapper : PS5 is in stock at reliance.
2022-03-24 07:31:59.249490+05:30 : INFO : StockChecker.scrapper : PS5 is in stock at reliance.
2022-03-24 07:31:59.249490+05:30 : INFO : StockChecker.scrapper : PS5 is in stock at reliance.
2022-03-24 07:31:59.249490+05:30 : INFO : StockChecker.scrapper : PS5 is in stock at reliance.
2022-03-24 07:31:59.249490+05:30 : INFO : StockChecker.scrapper : PS5 is in stock at reliance.
2022-03-24 07:31:59.249490+05:30 : INFO : StockChecker.scrapper : PS5 is in stock at reliance.
2022-03-24 07:31:59.249490+05:30 : INFO : StockChecker.scrapper : PS5 is in stock at reliance.
2022-03-24 07:31:59.249490+05:30 : INFO : StockChecker.scrapper : PS5 is in stock at reliance.
2022-03-24 07:31:59.249490+05:30 : INFO : StockChecker.scrapper : PS5 is in stock at reliance.
2022-03-24 07:31:59.249490+05:30 : INFO : StockChecker.scrapper : PS5 is in stock at reliance.
2022-03-24 07:31:59.249490+05:30 : INFO : StockChecker.scrapper : PS5 is in stock at reliance.
2022-03-24 07:31:59.249490+05:30 : INFO : StockChecker.scrapper : PS5 is in stock at reliance.
2022-03-24 07:31:59.249490+05:30 : INFO : StockChecker.scrapper : PS5 is in stock at reliance.
2022-03-24 07:31:59.249490+05:30 : INFO : StockChecker.scrapper : PS5 is in stock at reliance.
2022-03-24 07:31:59.249490+05:30 : INFO : StockChecker.scrapper : PS5 is in stock at reliance.
2022-03-24 07:31:59.249490+05:30 : INFO : StockChecker.scrapper : PS5 is in stock at reliance.
2022-03-24 07:31:59.249490+05:30 : INFO : StockChecker.scrapper : PS5 is in stock at reliance.
2022-03-24 07:31:59.249490+05:30 : INFO : StockChecker.scrapper : PS5 is in stock at shopatsc.
2022-03-24 07:31:59.249490+05:30 : INFO : StockChecker.scrapper : Notified for PS5 stock at shopatsc.
2022-03-24 07:31:59.249490+05:30 : INFO : StockChecker.scrapper : PS5 is in stock at reliance.
2022-03-24 07:31:59.249490+05:30 : INFO : StockChecker.scrapper : PS5 is in stock at shopatsc.
2022-03-24 07:31:59.249490+05:30 : INFO : StockChecker.scrapper : PS5 is in stock at reliance.
2022-03-24 07:31:59.249490+05:30 : INFO : StockChecker.scrapper : PS5 is in stock at shopatsc.
2022-03-24 07:31:59.249490+05:30 : INFO : StockChecker.scrapper : PS5 is in stock at reliance.
2022-03-24 07:31:59.249490+05:30 : INFO : StockChecker.scrapper : PS5 is in stock at shopatsc.
2022-03-24 07:31:59.249490+05:30 : INFO : StockChecker.scrapper : PS5 is in stock at reliance.
2022-03-24 07:31:59.249490+05:30 : INFO : StockChecker.scrapper : PS5 is in stock at shopatsc.
2022-03-24 07:31:59.249490+05:30 : INFO : StockChecker.scrapper : PS5 is in stock at reliance.
2022-03-24 07:31:59.249490+05:30 : INFO : StockChecker.scrapper : PS5 is in stock at shopatsc.
2022-03-24 07:31:59.249490+05:30 : INFO : StockChecker.scrapper : PS5 is in stock at reliance.
2022-03-24 07:31:59.249490+05:30 : INFO : StockChecker.scrapper : PS5 is in stock at shopatsc.
2022-03-24 07:31:59.249490+05:30 : INFO : StockChecker.scrapper : PS5 is in stock at reliance.
2022-03-24 07:31:59.249490+05:30 : INFO : StockChecker.scrapper : PS5 is in stock at reliance.
2022-03-24 07:31:59.249490+05:30 : INFO : StockChecker.scrapper : PS5 is in stock at shopatsc.
2022-03-24 07:31:59.249490+05:30 : INFO : StockChecker.scrapper : PS5 is in stock at reliance.
2022-03-24 07:31:59.249490+05:30 : INFO : StockChecker.scrapper : PS5 is in stock at shopatsc.
2022-03-24 07:31:59.249490+05:30 : INFO : StockChecker.scrapper : PS5 is in stock at reliance.
2022-03-24 07:31:59.249490+05:30 : INFO : StockChecker.scrapper : PS5 is in stock at shopatsc.
2022-03-24 07:31:59.249490+05:30 : INFO : StockChecker.scrapper : PS5 is in stock at reliance.
2022-03-24 07:31:59.249490+05:30 : INFO : StockChecker.scrapper : PS5 is in stock at shopatsc.
2022-03-24 07:31:59.249490+05:30 : INFO : StockChecker.scrapper : PS5 is in stock at reliance.
2022-03-24 07:31:59.249490+05:30 : INFO : StockChecker.scrapper : PS5 is in stock at shopatsc.
2022-03-24 07:31:59.249490+05:30 : INFO : StockChecker.scrapper : PS5 is in stock at reliance.
2022-03-24 07:31:59.249490+05:30 : INFO : StockChecker.scrapper : PS5 is in stock at shopatsc.
2022-03-24 07:31:59.249490+05:30 : INFO : StockChecker.scrapper : PS5 is in stock at reliance.
2022-03-24 07:31:59.249490+05:30 : INFO : StockChecker.scrapper : PS5 is in stock at shopatsc.
2022-03-24 07:31:59.249490+05:30 : INFO : StockChecker.scrapper : PS5 is in stock at reliance.
2022-03-24 07:31:59.249490+05:30 : INFO : StockChecker.scrapper : PS5 is in stock at shopatsc.
2022-03-24 07:31:59.249490+05:30 : INFO : StockChecker.scrapper : PS5 is in stock at reliance.
2022-03-24 07:31:59.249490+05:30 : INFO : StockChecker.scrapper : PS5 is in stock at shopatsc.
2022-03-24 07:31:59.249490+05:30 : INFO : StockChecker.scrapper : PS5 is in stock at reliance.
2022-03-24 07:31:59.249490+05:30 : INFO : StockChecker.scrapper : PS5 is in stock at shopatsc.
2022-03-24 07:31:59.249490+05:30 : INFO : StockChecker.scrapper : PS5 is in stock at reliance.
2022-03-24 07:31:59.249490+05:30 : INFO : StockChecker.scrapper : PS5 is in stock at reliance.
2022-03-24 07:31:59.249490+05:30 : INFO : StockChecker.scrapper : PS5 is in stock at shopatsc.
2022-03-24 07:31:59.249490+05:30 : INFO : StockChecker.scrapper : PS5 is in stock at reliance.
2022-03-24 07:31:59.249490+05:30 : INFO : StockChecker.scrapper : PS5 is in stock at shopatsc.
2022-03-24 07:31:59.249490+05:30 : INFO : StockChecker.scrapper : PS5 is in stock at reliance.
2022-03-24 07:31:59.249490+05:30 : INFO : StockChecker.scrapper : PS5 is in stock at shopatsc.
2022-03-24 07:31:59.249490+05:30 : INFO : StockChecker.scrapper : PS5 is in stock at reliance.
2022-03-24 07:31:59.249490+05:30 : INFO : StockChecker.scrapper : PS5 is in stock at reliance.
2022-03-24 07:31:59.249490+05:30 : INFO : StockChecker.scrapper : PS5 is in stock at reliance.
2022-03-24 07:31:59.249490+05:30 : INFO : StockChecker.scrapper : PS5 is in stock at reliance.
2022-03-24 07:31:59.249490+05:30 : INFO : StockChecker.scrapper : PS5 is in stock at reliance.
2022-03-24 07:31:59.249490+05:30 : INFO : StockChecker.scrapper : PS5 is in stock at reliance.
2022-03-24 07:31:59.249490+05:30 : INFO : StockChecker.scrapper : PS5 is in stock at reliance.
2022-03-24 07:31:59.249490+05:30 : INFO : StockChecker.scrapper : PS5 is in stock at reliance.
2022-03-24 07:31:59.249490+05:30 : INFO : StockChecker.scrapper : PS5 is in stock at reliance.
2022-03-24 07:31:59.249490+05:30 : INFO : StockChecker.scrapper : PS5 is in stock at reliance.
2022-03-24 07:31:59.249490+05:30 : INFO : StockChecker.scrapper : PS5 is in stock at reliance.
2022-03-24 07:31:59.249490+05:30 : INFO : StockChecker.scrapper : PS5 is in stock at reliance.
2022-03-24 07:31:59.249490+05:30 : INFO : StockChecker.scrapper : PS5 is in stock at reliance.
2022-03-24 07:31:59.249490+05:30 : INFO : StockChecker.scrapper : PS5 is in stock at reliance.
2022-03-24 07:31:59.249490+05:30 : INFO : StockChecker.scrapper : PS5 is in stock at reliance.
2022-03-24 07:31:59.249490+05:30 : INFO : StockChecker.scrapper : PS5 is in stock at reliance.
2022-03-24 07:31:59.249490+05:30 : INFO : StockChecker.scrapper : PS5 is in stock at reliance.
2022-03-24 07:31:59.249490+05:30 : INFO : StockChecker.scrapper : PS5 is in stock at reliance.
2022-03-24 07:31:59.249490+05:30 : INFO : StockChecker.scrapper : PS5 is in stock at reliance.
2022-03-24 07:31:59.249490+05:30 : INFO : StockChecker.scrapper : PS5 is in stock at reliance.
2022-03-24 07:31:59.249490+05:30 : INFO : StockChecker.scrapper : PS5 is in stock at reliance.
2022-03-24 07:31:59.249490+05:30 : INFO : StockChecker.scrapper : PS5 is in stock at reliance.
2022-03-24 07:31:59.249490+05:30 : INFO : StockChecker.scrapper : PS5 is in stock at reliance.
2022-03-24 07:31:59.249490+05:30 : INFO : StockChecker.scrapper : PS5 is in stock at reliance.
2022-03-24 07:31:59.249490+05:30 : INFO : StockChecker.scrapper : PS5 is in stock at reliance.
2022-03-24 07:31:59.249490+05:30 : INFO : StockChecker.scrapper : PS5 is in stock at reliance.
2022-03-24 07:31:59.249490+05:30 : INFO : StockChecker.scrapper : PS5 is in stock at reliance.
2022-03-24 07:31:59.249490+05:30 : INFO : StockChecker.scrapper : PS5 is in stock at reliance.
2022-03-24 07:31:59.249490+05:30 : INFO : StockChecker.scrapper : PS5 is in stock at reliance.
2022-03-24 07:31:59.249490+05:30 : INFO : StockChecker.scrapper : PS5 is in stock at reliance.
2022-03-24 07:31:59.249490+05:30 : INFO : StockChecker.scrapper : PS5 is in stock at reliance.
2022-03-24 07:31:59.249490+05:30 : INFO : StockChecker.scrapper : PS5 is in stock at reliance.
2022-03-24 07:31:59.249490+05:30 : INFO : StockChecker.scrapper : PS5 is in stock at reliance.
2022-03-24 07:31:59.249490+05:30 : INFO : StockChecker.scrapper : PS5 is in stock at reliance.
2022-03-24 07:31:59.249490+05:30 : INFO : StockChecker.scrapper : PS5 is in stock at reliance.
2022-03-24 07:31:59.249490+05:30 : INFO : StockChecker.scrapper : PS5 is in stock at reliance.
2022-03-24 07:31:59.249490+05:30 : INFO : StockChecker.scrapper : PS5 is in stock at reliance.
2022-03-24 07:31:59.249490+05:30 : INFO : StockChecker.scrapper : PS5 is in stock at reliance.
2022-03-24 07:31:59.249490+05:30 : INFO : StockChecker.scrapper : PS5 is in stock at reliance.
2022-03-24 07:31:59.249490+05:30 : INFO : StockChecker.scrapper : PS5 is in stock at reliance.
2022-03-24 07:31:59.249490+05:30 : INFO : StockChecker.scrapper : PS5 is in stock at reliance.
2022-03-24 07:31:59.249490+05:30 : INFO : StockChecker.scrapper : PS5 is in stock at reliance.
2022-03-24 07:31:59.249490+05:30 : INFO : StockChecker.scrapper : PS5 is in stock at reliance.
2022-03-24 07:31:59.249490+05:30 : INFO : StockChecker.scrapper : PS5 is in stock at reliance.
2022-03-24 07:31:59.249490+05:30 : INFO : StockChecker.scrapper : PS5 is in stock at reliance.
2022-03-24 07:31:59.249490+05:30 : INFO : StockChecker.scrapper : PS5 is in stock at reliance.
2022-03-24 07:31:59.249490+05:30 : INFO : StockChecker.scrapper : PS5 is in stock at reliance.
2022-03-24 07:31:59.249490+05:30 : INFO : StockChecker.scrapper : PS5 is in stock at reliance.
2022-03-24 07:31:59.249490+05:30 : INFO : StockChecker.scrapper : PS5 is in stock at reliance.
2022-03-24 07:31:59.249490+05:30 : INFO : StockChecker.scrapper : PS5 is in stock at reliance.
2022-03-24 07:31:59.249490+05:30 : INFO : StockChecker.scrapper : PS5 is in stock at reliance.
2022-03-24 07:31:59.249490+05:30 : INFO : StockChecker.scrapper : PS5 is in stock at reliance.
2022-03-24 07:31:59.249490+05:30 : INFO : StockChecker.scrapper : PS5 is in stock at reliance.
2022-03-24 07:31:59.249490+05:30 : INFO : StockChecker.scrapper : PS5 is in stock at reliance.
2022-03-24 07:31:59.249490+05:30 : INFO : StockChecker.scrapper : PS5 is in stock at reliance.
2022-03-24 07:31:59.249490+05:30 : INFO : StockChecker.scrapper : PS5 is in stock at reliance.
2022-03-24 07:31:59.249490+05:30 : INFO : StockChecker.scrapper : PS5 is in stock at reliance.
2022-03-24 07:31:59.249490+05:30 : INFO : StockChecker.scrapper : PS5 is in stock at reliance.
2022-03-24 07:31:59.249490+05:30 : INFO : StockChecker.scrapper : PS5 is in stock at reliance.
2022-03-24 07:31:59.249490+05:30 : INFO : StockChecker.scrapper : PS5 is in stock at reliance.
2022-03-24 07:31:59.249490+05:30 : INFO : StockChecker.scrapper : PS5 is in stock at reliance.
2022-03-24 07:31:59.249490+05:30 : INFO : StockChecker.scrapper : PS5 is in stock at reliance.
2022-03-24 07:31:59.249490+05:30 : INFO : StockChecker.scrapper : PS5 is in stock at reliance.
2022-03-24 07:31:59.249490+05:30 : INFO : StockChecker.scrapper : PS5 is in stock at reliance.
2022-03-24 07:31:59.249490+05:30 : INFO : StockChecker.scrapper : PS5 is in stock at reliance.
2022-03-24 07:31:59.249490+05:30 : INFO : StockChecker.scrapper : PS5 is in stock at reliance.
2022-03-24 07:31:59.249490+05:30 : INFO : StockChecker.scrapper : PS5 is in stock at reliance.
2022-03-24 07:31:59.249490+05:30 : INFO : StockChecker.scrapper : PS5 is in stock at reliance.
2022-03-24 07:31:59.249490+05:30 : INFO : StockChecker.scrapper : PS5 is in stock at reliance.
2022-03-24 07:31:59.249490+05:30 : INFO : StockChecker.scrapper : PS5 is in stock at reliance.
2022-03-24 07:31:59.249490+05:30 : INFO : StockChecker.scrapper : PS5 is in stock at reliance.
2022-03-24 07:31:59.249490+05:30 : INFO : StockChecker.scrapper : PS5 is in stock at reliance.
2022-03-24 07:31:59.249490+05:30 : INFO : StockChecker.scrapper : PS5 is in stock at reliance.
2022-03-24 07:31:59.249490+05:30 : INFO : StockChecker.scrapper : PS5 is in stock at reliance.
2022-03-24 07:31:59.249490+05:30 : INFO : StockChecker.scrapper : PS5 is in stock at reliance.
2022-03-24 07:31:59.249490+05:30 : INFO : StockChecker.scrapper : PS5 is in stock at reliance.
2022-03-24 07:31:59.249490+05:30 : INFO : StockChecker.scrapper : PS5 is in stock at reliance.
2022-03-24 07:31:59.249490+05:30 : INFO : StockChecker.scrapper : PS5 is in stock at reliance.
2022-03-24 07:31:59.249490+05:30 : INFO : StockChecker.scrapper : PS5 is in stock at reliance.
2022-03-24 07:31:59.249490+05:30 : INFO : StockChecker.scrapper : PS5 is in stock at reliance.
2022-03-24 07:31:59.249490+05:30 : INFO : StockChecker.scrapper : PS5 is in stock at reliance.
2022-03-24 07:31:59.249490+05:30 : INFO : StockChecker.scrapper : PS5 is in stock at reliance.
2022-03-24 07:31:59.249490+05:30 : INFO : StockChecker.scrapper : PS5 is in stock at reliance.
2022-03-24 07:31:59.249490+05:30 : INFO : StockChecker.scrapper : PS5 is in stock at reliance.
2022-03-24 07:31:59.249490+05:30 : INFO : StockChecker.scrapper : PS5 is in stock at reliance.
2022-03-24 07:31:59.249490+05:30 : INFO : StockChecker.scrapper : PS5 is in stock at reliance.
2022-03-24 07:31:59.249490+05:30 : INFO : StockChecker.scrapper : PS5 is in stock at reliance.
2022-03-24 07:31:59.249490+05:30 : INFO : StockChecker.scrapper : PS5 is in stock at reliance.
2022-03-24 07:31:59.249490+05:30 : INFO : StockChecker.scrapper : PS5 is in stock at reliance.
2022-03-24 07:31:59.249490+05:30 : INFO : StockChecker.scrapper : PS5 is in stock at reliance.
2022-03-24 07:31:59.249490+05:30 : INFO : StockChecker.scrapper : PS5 is in stock at reliance.
2022-03-24 07:31:59.249490+05:30 : INFO : StockChecker.scrapper : PS5 is in stock at reliance.
2022-03-24 07:31:59.249490+05:30 : INFO : StockChecker.scrapper : PS5 is in stock at reliance.
2022-03-24 07:31:59.249490+05:30 : INFO : StockChecker.scrapper : PS5 is in stock at reliance.
2022-03-24 07:31:59.249490+05:30 : INFO : StockChecker.scrapper : PS5 is in stock at reliance.
2022-03-24 07:31:59.249490+05:30 : INFO : StockChecker.scrapper : PS5 is in stock at reliance.
2022-03-24 07:31:59.249490+05:30 : INFO : StockChecker.scrapper : PS5 is in stock at reliance.
2022-03-24 07:31:59.249490+05:30 : INFO : StockChecker.scrapper : PS5 is in stock at reliance.
2022-03-24 07:31:59.249490+05:30 : INFO : StockChecker.scrapper : PS5 is in stock at reliance.
2022-03-24 07:31:59.249490+05:30 : INFO : StockChecker.scrapper : PS5 is in stock at reliance.
2022-03-24 07:31:59.249490+05:30 : INFO : StockChecker.scrapper : PS5 is in stock at reliance.
2022-03-24 07:31:59.249490+05:30 : INFO : StockChecker.scrapper : PS5 is in stock at reliance.
2022-03-24 07:31:59.249490+05:30 : INFO : StockChecker.scrapper : PS5 is in stock at reliance.
2022-03-24 07:31:59.249490+05:30 : INFO : StockChecker.scrapper : PS5 is in stock at reliance.
2022-03-24 07:31:59.249490+05:30 : INFO : StockChecker.scrapper : PS5 is in stock at reliance.
2022-03-24 07:31:59.249490+05:30 : INFO : StockChecker.scrapper : PS5 is in stock at reliance.
2022-03-24 07:31:59.249490+05:30 : INFO : StockChecker.scrapper : PS5 is in stock at reliance.
2022-03-24 07:31:59.249490+05:30 : INFO : StockChecker.scrapper : PS5 is in stock at reliance.
2022-03-24 07:31:59.249490+05:30 : INFO : StockChecker.scrapper : PS5 is in stock at reliance.
2022-03-24 07:31:59.249490+05:30 : INFO : StockChecker.scrapper : PS5 is in stock at reliance.
2022-03-24 07:31:59.249490+05:30 : INFO : StockChecker.scrapper : PS5 is in stock at reliance.
2022-03-24 07:31:59.249490+05:30 : INFO : StockChecker.scrapper : PS5 is in stock at reliance.
2022-03-24 07:31:59.249490+05:30 : INFO : StockChecker.scrapper : PS5 is in stock at reliance.
2022-03-24 07:31:59.249490+05:30 : INFO : StockChecker.scrapper : PS5 is in stock at reliance.
2022-03-24 07:31:59.249490+05:30 : INFO : StockChecker.scrapper : PS5 is in stock at reliance.
2022-03-24 07:31:59.249490+05:30 : INFO : StockChecker.scrapper : PS5 is in stock at reliance.
2022-03-24 07:31:59.249490+05:30 : INFO : StockChecker.scrapper : PS5 is in stock at reliance.
2022-03-24 07:31:59.249490+05:30 : INFO : StockChecker.scrapper : PS5 is in stock at reliance.
2022-03-24 07:31:59.249490+05:30 : INFO : StockChecker.scrapper : PS5 is in stock at reliance.
2022-03-24 07:31:59.249490+05:30 : INFO : StockChecker.scrapper : PS5 is in stock at reliance.
2022-03-24 07:31:59.249490+05:30 : INFO : StockChecker.scrapper : PS5 is in stock at reliance.
2022-03-24 07:31:59.249490+05:30 : INFO : StockChecker.scrapper : PS5 is in stock at reliance.
2022-03-24 07:31:59.249490+05:30 : INFO : StockChecker.scrapper : PS5 is in stock at reliance.
2022-03-24 07:31:59.249490+05:30 : INFO : StockChecker.scrapper : PS5 is in stock at reliance.
2022-03-24 07:31:59.249490+05:30 : INFO : StockChecker.scrapper : PS5 is in stock at reliance.
2022-03-24 07:31:59.249490+05:30 : INFO : StockChecker.scrapper : PS5 is in stock at reliance.
2022-03-24 07:31:59.249490+05:30 : INFO : StockChecker.scrapper : PS5 is in stock at reliance.
2022-03-24 07:31:59.249490+05:30 : INFO : StockChecker.scrapper : PS5 is in stock at reliance.
2022-03-24 07:31:59.249490+05:30 : INFO : StockChecker.scrapper : PS5 is in stock at reliance.
2022-03-24 07:31:59.249490+05:30 : INFO : StockChecker.scrapper : PS5 is in stock at reliance.
2022-03-24 07:31:59.249490+05:30 : INFO : StockChecker.scrapper : PS5 is in stock at reliance.
2022-03-24 07:31:59.249490+05:30 : INFO : StockChecker.scrapper : PS5 is in stock at reliance.
2022-03-24 07:31:59.249490+05:30 : INFO : StockChecker.scrapper : PS5 is in stock at reliance.
2022-03-24 07:31:59.249490+05:30 : INFO : StockChecker.scrapper : PS5 is in stock at reliance.
2022-03-24 07:31:59.249490+05:30 : INFO : StockChecker.scrapper : PS5 is in stock at reliance.
2022-03-24 07:31:59.249490+05:30 : INFO : StockChecker.scrapper : PS5 is in stock at reliance.
2022-03-24 07:31:59.249490+05:30 : INFO : StockChecker.scrapper : PS5 is in stock at reliance.
2022-03-24 07:31:59.249490+05:30 : INFO : StockChecker.scrapper : PS5 is in stock at reliance.
2022-03-24 07:31:59.249490+05:30 : INFO : StockChecker.scrapper : PS5 is in stock at reliance.
2022-03-24 07:31:59.249490+05:30 : INFO : StockChecker.scrapper : PS5 is in stock at shopatsc.
2022-03-24 07:31:59.249490+05:30 : INFO : StockChecker.scrapper : PS5 is in stock at reliance.
2022-03-24 07:31:59.249490+05:30 : INFO : StockChecker.scrapper : Notified for PS5 stock at shopatsc.
2022-03-24 07:31:59.249490+05:30 : INFO : StockChecker.scrapper : PS5 is in stock at reliance.
2022-03-24 07:31:59.249490+05:30 : INFO : StockChecker.scrapper : PS5 is in stock at shopatsc.
2022-03-24 07:31:59.249490+05:30 : INFO : StockChecker.scrapper : PS5 is in stock at reliance.
2022-03-24 07:31:59.249490+05:30 : INFO : StockChecker.scrapper : PS5 is in stock at shopatsc.
2022-03-24 07:31:59.249490+05:30 : INFO : StockChecker.scrapper : PS5 is in stock at reliance.
2022-03-24 07:31:59.249490+05:30 : INFO : StockChecker.scrapper : PS5 is in stock at shopatsc.
2022-03-24 07:31:59.249490+05:30 : INFO : StockChecker.scrapper : PS5 is in stock at reliance.
2022-03-24 07:31:59.249490+05:30 : INFO : StockChecker.scrapper : PS5 is in stock at shopatsc.
2022-03-24 07:31:59.249490+05:30 : INFO : StockChecker.scrapper : PS5 is in stock at reliance.
2022-03-24 07:31:59.249490+05:30 : INFO : StockChecker.scrapper : PS5 is in stock at shopatsc.
2022-03-24 07:31:59.249490+05:30 : INFO : StockChecker.scrapper : PS5 is in stock at reliance.
2022-03-24 07:31:59.249490+05:30 : INFO : StockChecker.scrapper : PS5 is in stock at shopatsc.
2022-03-24 07:31:59.249490+05:30 : INFO : StockChecker.scrapper : PS5 is in stock at reliance.
2022-03-24 07:31:59.249490+05:30 : INFO : StockChecker.scrapper : PS5 is in stock at shopatsc.
2022-03-24 07:31:59.249490+05:30 : INFO : StockChecker.scrapper : PS5 is in stock at reliance.
2022-03-24 07:31:59.249490+05:30 : INFO : StockChecker.scrapper : PS5 is in stock at shopatsc.
2022-03-24 07:31:59.249490+05:30 : INFO : StockChecker.scrapper : PS5 is in stock at reliance.
2022-03-24 07:31:59.249490+05:30 : INFO : StockChecker.scrapper : PS5 is in stock at shopatsc.
2022-03-24 07:31:59.249490+05:30 : INFO : StockChecker.scrapper : PS5 is in stock at reliance.
2022-03-24 07:31:59.249490+05:30 : INFO : StockChecker.scrapper : PS5 is in stock at reliance.
2022-03-24 07:31:59.249490+05:30 : INFO : StockChecker.scrapper : PS5 is in stock at shopatsc.
2022-03-24 07:31:59.249490+05:30 : INFO : StockChecker.scrapper : PS5 is in stock at reliance.
2022-03-24 07:31:59.249490+05:30 : INFO : StockChecker.scrapper : PS5 is in stock at reliance.
2022-03-24 07:31:59.249490+05:30 : INFO : StockChecker.scrapper : PS5 is in stock at reliance.
2022-03-24 07:31:59.249490+05:30 : INFO : StockChecker.scrapper : PS5 is in stock at reliance.
2022-03-24 07:31:59.249490+05:30 : INFO : StockChecker.scrapper : PS5 is in stock at flipkart.
2022-03-24 07:31:59.249490+05:30 : INFO : StockChecker.scrapper : Notified for PS5 stock at flipkart.
2022-03-24 07:31:59.249490+05:30 : INFO : StockChecker.scrapper : PS5 is in stock at reliance.
2022-03-24 07:31:59.249490+05:30 : INFO : StockChecker.scrapper : PS5 is in stock at reliance.
2022-03-24 07:31:59.249490+05:30 : INFO : StockChecker.scrapper : PS5 is in stock at reliance.
2022-03-24 07:31:59.249490+05:30 : INFO : StockChecker.scrapper : PS5 is in stock at flipkart.
2022-03-24 07:31:59.249490+05:30 : INFO : StockChecker.scrapper : PS5 is in stock at reliance.
2022-03-24 07:31:59.249490+05:30 : INFO : StockChecker.scrapper : Notified for PS5 stock at flipkart.
2022-03-24 07:31:59.249490+05:30 : INFO : StockChecker.scrapper : PS5 is in stock at reliance.
2022-03-24 07:31:59.249490+05:30 : INFO : StockChecker.scrapper : PS5 is in stock at reliance.
2022-03-24 07:31:59.249490+05:30 : INFO : StockChecker.scrapper : PS5 is in stock at flipkart.
2022-03-24 07:31:59.249490+05:30 : INFO : StockChecker.scrapper : Notified for PS5 stock at flipkart.
2022-03-24 07:31:59.249490+05:30 : INFO : StockChecker.scrapper : PS5 is in stock at reliance.
2022-03-24 07:31:59.249490+05:30 : INFO : StockChecker.scrapper : PS5 is in stock at reliance.
2022-03-24 07:31:59.249490+05:30 : INFO : StockChecker.scrapper : PS5 is in stock at reliance.
2022-03-24 07:31:59.249490+05:30 : INFO : StockChecker.scrapper : PS5 is in stock at flipkart.
2022-03-24 07:31:59.249490+05:30 : INFO : StockChecker.scrapper : PS5 is in stock at reliance.
2022-03-24 07:31:59.249490+05:30 : INFO : StockChecker.scrapper : Notified for PS5 stock at flipkart.
2022-03-24 07:31:59.249490+05:30 : INFO : StockChecker.scrapper : PS5 is in stock at reliance.
2022-03-24 07:31:59.249490+05:30 : INFO : StockChecker.scrapper : PS5 is in stock at reliance.
2022-03-24 07:31:59.249490+05:30 : INFO : StockChecker.scrapper : PS5 is in stock at reliance.
2022-03-24 07:31:59.249490+05:30 : INFO : StockChecker.scrapper : PS5 is in stock at flipkart.
2022-03-24 07:31:59.249490+05:30 : INFO : StockChecker.scrapper : Notified for PS5 stock at flipkart.
2022-03-24 07:31:59.249490+05:30 : INFO : StockChecker.scrapper : PS5 is in stock at reliance.
2022-03-24 07:31:59.249490+05:30 : INFO : StockChecker.scrapper : PS5 is in stock at reliance.
2022-03-24 07:31:59.249490+05:30 : INFO : StockChecker.scrapper : PS5 is in stock at reliance.
2022-03-24 07:31:59.249490+05:30 : INFO : StockChecker.scrapper : PS5 is in stock at reliance.
2022-03-24 07:31:59.249490+05:30 : INFO : StockChecker.scrapper : PS5 is in stock at reliance.
2022-03-24 07:31:59.249490+05:30 : INFO : StockChecker.scrapper : PS5 is in stock at reliance.
2022-03-24 07:31:59.249490+05:30 : INFO : StockChecker.scrapper : PS5 is in stock at reliance.
2022-03-24 07:31:59.249490+05:30 : INFO : StockChecker.scrapper : PS5 is in stock at reliance.
2022-03-24 07:31:59.249490+05:30 : INFO : StockChecker.scrapper : PS5 is in stock at reliance.
2022-03-24 07:31:59.249490+05:30 : INFO : StockChecker.scrapper : PS5 is in stock at reliance.
2022-03-24 07:31:59.249490+05:30 : INFO : StockChecker.scrapper : PS5 is in stock at flipkart.
2022-03-24 07:31:59.249490+05:30 : INFO : StockChecker.scrapper : Notified for PS5 stock at flipkart.
2022-03-24 07:31:59.249490+05:30 : INFO : StockChecker.scrapper : PS5 is in stock at reliance.
2022-03-24 07:31:59.249490+05:30 : INFO : StockChecker.scrapper : PS5 is in stock at reliance.
2022-03-24 07:31:59.249490+05:30 : INFO : StockChecker.scrapper : PS5 is in stock at reliance.
2022-03-24 07:31:59.249490+05:30 : INFO : StockChecker.scrapper : PS5 is in stock at reliance.
2022-03-24 07:31:59.249490+05:30 : INFO : StockChecker.scrapper : PS5 is in stock at reliance.
2022-03-24 07:31:59.249490+05:30 : INFO : StockChecker.scrapper : PS5 is in stock at reliance.
2022-03-24 07:31:59.249490+05:30 : INFO : StockChecker.scrapper : PS5 is in stock at reliance.
2022-03-24 07:31:59.249490+05:30 : INFO : StockChecker.scrapper : PS5 is in stock at reliance.
2022-03-24 07:31:59.249490+05:30 : INFO : StockChecker.scrapper : PS5 is in stock at reliance.
2022-03-24 07:31:59.249490+05:30 : INFO : StockChecker.scrapper : PS5 is in stock at reliance.
2022-03-24 07:31:59.249490+05:30 : INFO : StockChecker.scrapper : PS5 is in stock at reliance.
2022-03-24 07:31:59.249490+05:30 : INFO : StockChecker.scrapper : PS5 is in stock at reliance.
2022-03-24 07:31:59.249490+05:30 : INFO : StockChecker.scrapper : PS5 is in stock at reliance.
2022-03-24 07:31:59.249490+05:30 : INFO : StockChecker.scrapper : PS5 is in stock at reliance.
2022-03-24 07:31:59.249490+05:30 : INFO : StockChecker.scrapper : PS5 is in stock at reliance.
2022-03-24 07:31:59.249490+05:30 : INFO : StockChecker.scrapper : PS5 is in stock at reliance.
2022-03-24 07:31:59.249490+05:30 : INFO : StockChecker.scrapper : PS5 is in stock at reliance.
2022-03-24 07:31:59.249490+05:30 : INFO : StockChecker.scrapper : PS5 is in stock at reliance.
2022-03-24 07:31:59.249490+05:30 : INFO : StockChecker.scrapper : PS5 is in stock at reliance.
2022-03-24 07:31:59.249490+05:30 : INFO : StockChecker.scrapper : PS5 is in stock at reliance.
2022-03-24 07:31:59.249490+05:30 : INFO : StockChecker.scrapper : PS5 is in stock at reliance.
2022-03-24 07:31:59.249490+05:30 : INFO : StockChecker.scrapper : PS5 is in stock at reliance.
2022-03-24 07:31:59.249490+05:30 : INFO : StockChecker.scrapper : PS5 is in stock at reliance.
2022-03-24 07:31:59.249490+05:30 : INFO : StockChecker.scrapper : PS5 is in stock at reliance.
2022-03-24 07:31:59.249490+05:30 : INFO : StockChecker.scrapper : PS5 is in stock at reliance.
2022-03-24 07:31:59.249490+05:30 : INFO : StockChecker.scrapper : PS5 is in stock at reliance.
2022-03-24 07:31:59.249490+05:30 : INFO : StockChecker.scrapper : PS5 is in stock at reliance.
2022-03-24 07:31:59.249490+05:30 : INFO : StockChecker.scrapper : PS5 is in stock at reliance.
2022-03-24 07:31:59.249490+05:30 : INFO : StockChecker.scrapper : PS5 is in stock at reliance.
2022-03-24 07:31:59.249490+05:30 : INFO : StockChecker.scrapper : PS5 is in stock at reliance.
2022-03-24 07:31:59.249490+05:30 : INFO : StockChecker.scrapper : PS5 is in stock at reliance.
2022-03-24 07:31:59.249490+05:30 : INFO : StockChecker.scrapper : PS5 is in stock at reliance.
2022-03-24 07:31:59.249490+05:30 : INFO : StockChecker.scrapper : PS5 is in stock at reliance.
2022-03-24 07:31:59.249490+05:30 : INFO : StockChecker.scrapper : PS5 is in stock at reliance.
2022-03-24 07:31:59.249490+05:30 : INFO : StockChecker.scrapper : PS5 is in stock at reliance.
2022-03-24 07:31:59.249490+05:30 : INFO : StockChecker.scrapper : PS5 is in stock at reliance.
2022-03-24 07:31:59.249490+05:30 : INFO : StockChecker.scrapper : PS5 is in stock at reliance.
2022-03-24 07:31:59.249490+05:30 : INFO : StockChecker.scrapper : PS5 is in stock at reliance.
2022-03-24 07:31:59.249490+05:30 : INFO : StockChecker.scrapper : PS5 is in stock at reliance.
2022-03-24 07:31:59.249490+05:30 : INFO : StockChecker.scrapper : PS5 is in stock at reliance.
2022-03-24 07:31:59.249490+05:30 : INFO : StockChecker.scrapper : PS5 is in stock at reliance.
2022-03-24 07:31:59.249490+05:30 : INFO : StockChecker.scrapper : PS5 is in stock at flipkart.
2022-03-24 07:31:59.249490+05:30 : INFO : StockChecker.scrapper : Notified for PS5 stock at flipkart.
2022-03-24 07:31:59.249490+05:30 : INFO : StockChecker.scrapper : PS5 is in stock at reliance.
2022-03-24 07:31:59.249490+05:30 : INFO : StockChecker.scrapper : PS5 is in stock at reliance.
2022-03-24 07:31:59.249490+05:30 : INFO : StockChecker.scrapper : PS5 is in stock at reliance.
2022-03-24 07:31:59.249490+05:30 : INFO : StockChecker.scrapper : PS5 is in stock at reliance.
2022-03-24 07:31:59.249490+05:30 : INFO : StockChecker.scrapper : PS5 is in stock at reliance.
2022-03-24 07:31:59.249490+05:30 : INFO : StockChecker.scrapper : PS5 is in stock at reliance.
2022-03-24 07:31:59.249490+05:30 : INFO : StockChecker.scrapper : PS5 is in stock at reliance.
2022-03-24 07:31:59.249490+05:30 : INFO : StockChecker.scrapper : PS5 is in stock at reliance.
2022-03-24 07:31:59.249490+05:30 : INFO : StockChecker.scrapper : PS5 is in stock at reliance.
2022-03-24 07:31:59.249490+05:30 : INFO : StockChecker.scrapper : PS5 is in stock at reliance.
2022-03-24 07:31:59.249490+05:30 : INFO : StockChecker.scrapper : PS5 is in stock at reliance.
2022-03-24 07:31:59.249490+05:30 : INFO : StockChecker.scrapper : PS5 is in stock at reliance.
2022-03-24 07:31:59.249490+05:30 : INFO : StockChecker.scrapper : PS5 is in stock at reliance.
2022-03-24 07:31:59.249490+05:30 : INFO : StockChecker.scrapper : PS5 is in stock at reliance.
2022-03-24 07:31:59.249490+05:30 : INFO : StockChecker.scrapper : PS5 is in stock at reliance.
2022-03-24 07:31:59.249490+05:30 : INFO : StockChecker.scrapper : PS5 is in stock at reliance.
2022-03-24 07:31:59.249490+05:30 : INFO : StockChecker.scrapper : PS5 is in stock at reliance.
2022-03-24 07:31:59.249490+05:30 : INFO : StockChecker.scrapper : PS5 is in stock at reliance.
2022-03-24 07:31:59.249490+05:30 : INFO : StockChecker.scrapper : PS5 is in stock at reliance.
2022-03-24 07:31:59.249490+05:30 : INFO : StockChecker.scrapper : PS5 is in stock at reliance.
2022-03-24 07:31:59.249490+05:30 : INFO : StockChecker.scrapper : PS5 is in stock at reliance.
2022-03-24 07:31:59.249490+05:30 : INFO : StockChecker.scrapper : PS5 is in stock at reliance.
2022-03-24 07:31:59.249490+05:30 : INFO : StockChecker.scrapper : PS5 is in stock at reliance.
2022-03-24 07:31:59.249490+05:30 : INFO : StockChecker.scrapper : PS5 is in stock at reliance.
2022-03-24 07:31:59.249490+05:30 : INFO : StockChecker.scrapper : PS5 is in stock at reliance.
2022-03-24 07:31:59.249490+05:30 : INFO : StockChecker.scrapper : PS5 is in stock at reliance.
2022-03-24 07:31:59.249490+05:30 : INFO : StockChecker.scrapper : PS5 is in stock at reliance.
2022-03-24 07:31:59.249490+05:30 : INFO : StockChecker.scrapper : PS5 is in stock at reliance.
2022-03-24 07:31:59.249490+05:30 : INFO : StockChecker.scrapper : PS5 is in stock at reliance.
2022-03-24 07:31:59.249490+05:30 : INFO : StockChecker.scrapper : PS5 is in stock at reliance.
2022-03-24 07:31:59.249490+05:30 : INFO : StockChecker.scrapper : PS5 is in stock at reliance.
2022-03-24 07:31:59.249490+05:30 : INFO : StockChecker.scrapper : PS5 is in stock at reliance.
2022-03-24 07:31:59.249490+05:30 : INFO : StockChecker.scrapper : PS5 is in stock at reliance.
2022-03-24 07:31:59.249490+05:30 : INFO : StockChecker.scrapper : PS5 is in stock at reliance.
2022-03-24 07:31:59.249490+05:30 : INFO : StockChecker.scrapper : PS5 is in stock at reliance.
2022-03-24 07:31:59.249490+05:30 : INFO : StockChecker.scrapper : PS5 is in stock at reliance.
2022-03-24 07:31:59.249490+05:30 : INFO : StockChecker.scrapper : PS5 is in stock at reliance.
2022-03-24 07:31:59.249490+05:30 : INFO : StockChecker.scrapper : PS5 is in stock at reliance.
2022-03-24 07:31:59.249490+05:30 : INFO : StockChecker.scrapper : PS5 is in stock at reliance.
2022-03-24 07:31:59.249490+05:30 : INFO : StockChecker.scrapper : PS5 is in stock at reliance.
2022-03-24 07:31:59.249490+05:30 : INFO : StockChecker.scrapper : PS5 is in stock at reliance.
2022-03-24 07:31:59.249490+05:30 : INFO : StockChecker.scrapper : PS5 is in stock at reliance.
2022-03-24 07:31:59.249490+05:30 : INFO : StockChecker.scrapper : PS5 is in stock at reliance.
2022-03-24 07:31:59.249490+05:30 : INFO : StockChecker.scrapper : PS5 is in stock at reliance.
2022-03-24 07:31:59.249490+05:30 : INFO : StockChecker.scrapper : PS5 is in stock at reliance.
2022-03-24 07:31:59.249490+05:30 : INFO : StockChecker.scrapper : PS5 is in stock at reliance.
2022-03-24 07:31:59.249490+05:30 : INFO : StockChecker.scrapper : PS5 is in stock at reliance.
2022-03-24 07:31:59.249490+05:30 : INFO : StockChecker.scrapper : PS5 is in stock at reliance.
2022-03-24 07:31:59.249490+05:30 : INFO : StockChecker.scrapper : PS5 is in stock at reliance.
2022-03-24 07:31:59.249490+05:30 : INFO : StockChecker.scrapper : PS5 is in stock at reliance.
2022-03-24 07:31:59.249490+05:30 : INFO : StockChecker.scrapper : PS5 is in stock at reliance.
2022-03-24 07:31:59.249490+05:30 : INFO : StockChecker.scrapper : PS5 is in stock at reliance.
2022-03-24 07:31:59.249490+05:30 : INFO : StockChecker.scrapper : PS5 is in stock at reliance.
2022-03-24 07:31:59.249490+05:30 : INFO : StockChecker.scrapper : PS5 is in stock at reliance.
2022-03-24 07:31:59.249490+05:30 : INFO : StockChecker.scrapper : PS5 is in stock at reliance.
2022-03-24 07:31:59.249490+05:30 : INFO : StockChecker.scrapper : PS5 is in stock at flipkart.
2022-03-24 07:31:59.249490+05:30 : INFO : StockChecker.scrapper : Notified for PS5 stock at flipkart.
2022-03-24 07:31:59.249490+05:30 : INFO : StockChecker.scrapper : PS5 is in stock at reliance.
2022-03-24 07:31:59.249490+05:30 : INFO : StockChecker.scrapper : PS5 is in stock at reliance.
2022-03-24 07:31:59.249490+05:30 : INFO : StockChecker.scrapper : PS5 is in stock at reliance.
2022-03-24 07:31:59.249490+05:30 : INFO : StockChecker.scrapper : PS5 is in stock at reliance.
2022-03-24 07:31:59.249490+05:30 : INFO : StockChecker.scrapper : PS5 is in stock at reliance.
2022-03-24 07:31:59.249490+05:30 : INFO : StockChecker.scrapper : PS5 is in stock at flipkart.
2022-03-24 07:31:59.249490+05:30 : INFO : StockChecker.scrapper : Notified for PS5 stock at flipkart.
2022-03-24 07:31:59.249490+05:30 : INFO : StockChecker.scrapper : PS5 is in stock at flipkart.
2022-03-24 07:31:59.249490+05:30 : INFO : StockChecker.scrapper : Notified for PS5 stock at flipkart.
2022-03-24 07:31:59.249490+05:30 : INFO : StockChecker.scrapper : PS5 is in stock at flipkart.
2022-03-24 07:31:59.249490+05:30 : INFO : StockChecker.scrapper : Notified for PS5 stock at flipkart.
2022-03-24 07:31:59.249490+05:30 : INFO : StockChecker.scrapper : PS5 is in stock at flipkart.
2022-03-24 07:31:59.249490+05:30 : INFO : StockChecker.scrapper : Notified for PS5 stock at flipkart.
2022-03-24 07:31:59.249490+05:30 : INFO : StockChecker.scrapper : PS5 is in stock at flipkart.
2022-03-24 07:31:59.249490+05:30 : INFO : StockChecker.scrapper : Notified for PS5 stock at flipkart.
2022-03-24 07:31:59.249490+05:30 : INFO : StockChecker.scrapper : PS5 is in stock at flipkart.
2022-03-24 07:31:59.249490+05:30 : INFO : StockChecker.scrapper : Notified for PS5 stock at flipkart.
2022-03-24 07:31:59.249490+05:30 : INFO : StockChecker.scrapper : PS5 is in stock at flipkart.
2022-03-24 07:31:59.249490+05:30 : INFO : StockChecker.scrapper : Notified for PS5 stock at flipkart.
2022-03-24 07:31:59.249490+05:30 : INFO : StockChecker.scrapper : PS5 is in stock at flipkart.
2022-03-24 07:31:59.249490+05:30 : INFO : StockChecker.scrapper : Notified for PS5 stock at flipkart.
2022-03-24 07:31:59.249490+05:30 : INFO : StockChecker.scrapper : PS5 is in stock at flipkart.
2022-03-24 07:31:59.249490+05:30 : INFO : StockChecker.scrapper : Notified for PS5 stock at flipkart.
2022-03-24 07:31:59.249490+05:30 : INFO : StockChecker.scrapper : PS5 is in stock at flipkart.
2022-03-24 07:31:59.249490+05:30 : INFO : StockChecker.scrapper : Notified for PS5 stock at flipkart.
2022-03-24 07:31:59.249490+05:30 : INFO : StockChecker.scrapper : PS5 is in stock at flipkart.
2022-03-24 07:31:59.249490+05:30 : INFO : StockChecker.scrapper : Notified for PS5 stock at flipkart.
2022-03-24 07:31:59.249490+05:30 : INFO : StockChecker.scrapper : PS5 is in stock at flipkart.
2022-03-24 07:31:59.249490+05:30 : INFO : StockChecker.scrapper : Notified for PS5 stock at flipkart.
2022-03-24 07:31:59.249490+05:30 : INFO : StockChecker.scrapper : PS5 is in stock at flipkart.
2022-03-24 07:31:59.249490+05:30 : INFO : StockChecker.scrapper : Notified for PS5 stock at flipkart.
2022-03-24 07:31:59.249490+05:30 : INFO : StockChecker.scrapper : PS5 is in stock at flipkart.
2022-03-24 07:31:59.249490+05:30 : INFO : StockChecker.scrapper : Notified for PS5 stock at flipkart.
2022-03-24 07:31:59.249490+05:30 : INFO : StockChecker.scrapper : PS5 is in stock at flipkart.
2022-03-24 07:31:59.249490+05:30 : INFO : StockChecker.scrapper : Notified for PS5 stock at flipkart.
2022-03-24 07:31:59.249490+05:30 : INFO : StockChecker.scrapper : PS5 is in stock at shopatsc.
2022-03-24 07:31:59.249490+05:30 : INFO : StockChecker.scrapper : Notified for PS5 stock at shopatsc.
2022-03-24 07:31:59.249490+05:30 : INFO : StockChecker.scrapper : PS5 is in stock at shopatsc.
2022-03-24 07:31:59.249490+05:30 : INFO : StockChecker.scrapper : PS5 is in stock at shopatsc.
2022-03-24 07:31:59.249490+05:30 : INFO : StockChecker.scrapper : PS5 is in stock at shopatsc.
2022-03-24 07:31:59.249490+05:30 : INFO : StockChecker.scrapper : PS5 is in stock at shopatsc.
2022-03-24 07:31:59.249490+05:30 : INFO : StockChecker.scrapper : PS5 is in stock at shopatsc.
2022-03-24 07:31:59.249490+05:30 : INFO : StockChecker.scrapper : PS5 is in stock at shopatsc.
2022-03-24 07:31:59.249490+05:30 : INFO : StockChecker.scrapper : PS5 is in stock at shopatsc.
2022-03-24 07:31:59.249490+05:30 : INFO : StockChecker.scrapper : PS5 is in stock at shopatsc.
2022-03-24 07:31:59.249490+05:30 : INFO : StockChecker.scrapper : PS5 is in stock at shopatsc.
2022-03-24 07:31:59.249490+05:30 : INFO : StockChecker.scrapper : PS5 is in stock at shopatsc.
2022-03-24 07:31:59.249490+05:30 : INFO : StockChecker.scrapper : PS5 is in stock at shopatsc.
2022-03-24 07:31:59.249490+05:30 : INFO : StockChecker.scrapper : PS5 is in stock at shopatsc.
2022-03-24 07:31:59.249490+05:30 : INFO : StockChecker.scrapper : PS5 is in stock at shopatsc.
2022-03-24 07:31:59.249490+05:30 : INFO : StockChecker.scrapper : PS5 is in stock at shopatsc.
2022-03-24 07:31:59.249490+05:30 : INFO : StockChecker.scrapper : PS5 is in stock at shopatsc.
2022-03-24 07:31:59.249490+05:30 : INFO : StockChecker.scrapper : PS5 is in stock at shopatsc.
2022-03-24 07:31:59.249490+05:30 : INFO : StockChecker.scrapper : PS5 is in stock at shopatsc.
2022-03-24 07:31:59.249490+05:30 : INFO : StockChecker.scrapper : PS5 is in stock at shopatsc.
2022-03-24 07:31:59.249490+05:30 : INFO : StockChecker.scrapper : PS5 is in stock at shopatsc.
2022-03-24 07:31:59.249490+05:30 : INFO : StockChecker.scrapper : PS5 is in stock at shopatsc.
2022-03-24 07:31:59.249490+05:30 : INFO : StockChecker.scrapper : PS5 is in stock at shopatsc.
2022-03-24 07:31:59.249490+05:30 : INFO : StockChecker.scrapper : PS5 is in stock at shopatsc.
2022-03-24 07:31:59.249490+05:30 : INFO : StockChecker.scrapper : PS5 is in stock at shopatsc.
2022-03-24 07:31:59.249490+05:30 : INFO : StockChecker.scrapper : Notified for PS5 stock at shopatsc.
2022-03-24 07:31:59.249490+05:30 : INFO : StockChecker.scrapper : PS5 is in stock at shopatsc.
2022-03-24 07:31:59.249490+05:30 : INFO : StockChecker.scrapper : PS5 is in stock at shopatsc.
2022-03-24 07:31:59.249490+05:30 : INFO : StockChecker.scrapper : PS5 is in stock at shopatsc.
2022-03-24 07:31:59.249490+05:30 : INFO : StockChecker.scrapper : PS5 is in stock at shopatsc.
2022-03-24 07:31:59.249490+05:30 : INFO : StockChecker.scrapper : PS5 is in stock at shopatsc.
2022-03-24 07:31:59.249490+05:30 : INFO : StockChecker.scrapper : Notified for PS5 stock at shopatsc.
2022-03-24 07:31:59.249490+05:30 : INFO : StockChecker.scrapper : PS5 is in stock at shopatsc.
2022-03-24 07:31:59.249490+05:30 : INFO : StockChecker.scrapper : PS5 is in stock at shopatsc.
2022-03-24 07:31:59.249490+05:30 : INFO : StockChecker.scrapper : PS5 is in stock at shopatsc.
2022-03-24 07:31:59.249490+05:30 : INFO : StockChecker.scrapper : PS5 is in stock at shopatsc.
2022-03-24 07:31:59.249490+05:30 : INFO : StockChecker.scrapper : PS5 is in stock at shopatsc.
2022-03-24 07:31:59.249490+05:30 : INFO : StockChecker.scrapper : PS5 is in stock at shopatsc.
2022-03-24 07:31:59.249490+05:30 : INFO : StockChecker.scrapper : PS5 is in stock at shopatsc.
2022-03-24 07:31:59.249490+05:30 : INFO : StockChecker.scrapper : PS5 is in stock at shopatsc.
2022-03-24 07:31:59.249490+05:30 : INFO : StockChecker.scrapper : PS5 is in stock at shopatsc.
2022-03-24 07:31:59.249490+05:30 : INFO : StockChecker.scrapper : PS5 is in stock at shopatsc.
2022-03-24 07:31:59.249490+05:30 : INFO : StockChecker.scrapper : PS5 is in stock at shopatsc.
2022-03-24 07:31:59.249490+05:30 : INFO : StockChecker.scrapper : PS5 is in stock at shopatsc.
2022-03-24 07:31:59.249490+05:30 : INFO : StockChecker.scrapper : PS5 is in stock at shopatsc.
2022-03-24 07:31:59.249490+05:30 : INFO : StockChecker.scrapper : PS5 is in stock at shopatsc.
2022-03-24 07:31:59.249490+05:30 : INFO : StockChecker.scrapper : PS5 is in stock at shopatsc.
2022-03-24 07:31:59.249490+05:30 : INFO : StockChecker.scrapper : PS5 is in stock at shopatsc.
2022-03-24 07:31:59.249490+05:30 : INFO : StockChecker.scrapper : PS5 is in stock at shopatsc.
2022-03-24 07:31:59.249490+05:30 : INFO : StockChecker.scrapper : Notified for PS5 stock at shopatsc.
2022-03-24 07:31:59.249490+05:30 : INFO : StockChecker.scrapper : PS5 is in stock at shopatsc.
2022-03-24 07:31:59.249490+05:30 : INFO : StockChecker.scrapper : PS5 is in stock at shopatsc.
2022-03-24 07:31:59.249490+05:30 : INFO : StockChecker.scrapper : PS5 is in stock at shopatsc.
2022-03-24 07:31:59.249490+05:30 : INFO : StockChecker.scrapper : PS5 is in stock at shopatsc.
2022-03-24 07:31:59.249490+05:30 : INFO : StockChecker.scrapper : PS5 is in stock at shopatsc.
2022-03-24 07:31:59.249490+05:30 : INFO : StockChecker.scrapper : PS5 is in stock at shopatsc.
2022-03-24 07:31:59.249490+05:30 : INFO : StockChecker.scrapper : PS5 is in stock at shopatsc.
2022-03-24 07:31:59.249490+05:30 : INFO : StockChecker.scrapper : PS5 is in stock at shopatsc.
2022-03-24 07:31:59.249490+05:30 : INFO : StockChecker.scrapper : PS5 is in stock at shopatsc.
2022-03-24 07:31:59.249490+05:30 : INFO : StockChecker.scrapper : Notified for PS5 stock at shopatsc.
2022-03-24 07:31:59.249490+05:30 : INFO : StockChecker.scrapper : PS5 is in stock at shopatsc.
2022-03-24 07:31:59.249490+05:30 : INFO : StockChecker.scrapper : PS5 is in stock at shopatsc.
2022-03-24 07:31:59.249490+05:30 : INFO : StockChecker.scrapper : PS5 is in stock at shopatsc.
2022-03-24 07:31:59.249490+05:30 : INFO : StockChecker.scrapper : PS5 is in stock at shopatsc.
2022-03-24 07:31:59.249490+05:30 : INFO : StockChecker.scrapper : PS5 is in stock at shopatsc.
2022-03-24 07:31:59.249490+05:30 : INFO : StockChecker.scrapper : PS5 is in stock at shopatsc.
2022-03-24 07:31:59.249490+05:30 : INFO : StockChecker.scrapper : PS5 is in stock at shopatsc.
2022-03-24 19:32:26.501675+05:30 : INFO : StockChecker.scrapper : XSX is in stock at reliance.
2022-03-24 19:32:26.501675+05:30 : INFO : StockChecker.scrapper : Notified for XSX stock at reliance.
2022-03-24 19:32:26.501675+05:30 : INFO : StockChecker.scrapper : XSX is in stock at reliance.
2022-03-24 19:32:26.501675+05:30 : INFO : StockChecker.scrapper : XSX is in stock at reliance.
2022-03-29 09:10:23.169568+05:30 : INFO : StockChecker.scrapper : DS_CHARGING_STATION is in stock at amazon.
2022-03-29 09:10:23.169568+05:30 : INFO : StockChecker.scrapper : Notified for DS_CHARGING_STATION stock at amazon.
2022-03-29 09:10:23.169568+05:30 : INFO : StockChecker.scrapper : DS_CHARGING_STATION is in stock at amazon.
2022-03-29 09:10:23.169568+05:30 : INFO : StockChecker.scrapper : DS_CHARGING_STATION is in stock at amazon.
2022-03-29 09:10:23.169568+05:30 : INFO : StockChecker.scrapper : DS_CHARGING_STATION is in stock at amazon.
2022-04-04 09:24:11.770671+05:30 : INFO : StockChecker.scrapper : DS_CHARGING_STATION is in stock at amazon.
2022-04-04 09:24:11.770671+05:30 : INFO : StockChecker.scrapper : Notified for DS_CHARGING_STATION stock at amazon.
2022-04-04 09:24:11.770671+05:30 : INFO : StockChecker.scrapper : DS_CHARGING_STATION is in stock at amazon.
2022-04-04 09:24:11.770671+05:30 : INFO : StockChecker.scrapper : TEST is in stock at flipkart.
2022-04-04 09:24:11.770671+05:30 : INFO : StockChecker.scrapper : Notified for TEST stock at flipkart.
2022-04-04 09:24:11.770671+05:30 : INFO : StockChecker.scrapper : DS_CHARGING_STATION is in stock at amazon.
2022-04-04 09:24:11.770671+05:30 : INFO : StockChecker.scrapper : DS_CHARGING_STATION is in stock at amazon.
2022-04-04 09:24:11.770671+05:30 : INFO : StockChecker.scrapper : TEST is in stock at flipkart.
2022-04-04 09:24:11.770671+05:30 : INFO : StockChecker.scrapper : Notified for TEST stock at flipkart.
2022-04-04 09:24:11.770671+05:30 : INFO : StockChecker.scrapper : DS_CHARGING_STATION is in stock at amazon.
2022-04-04 09:25:56.626608+05:30 : INFO : StockChecker.scrapper : TEST is in stock at flipkart.
2022-04-04 09:25:56.626608+05:30 : INFO : StockChecker.scrapper : Notified for TEST stock at flipkart.
2022-04-04 09:25:56.626608+05:30 : INFO : StockChecker.scrapper : TEST is in stock at flipkart.
2022-04-04 09:25:56.626608+05:30 : INFO : StockChecker.scrapper : TEST is in stock at flipkart.
2022-04-04 09:25:56.626608+05:30 : INFO : StockChecker.scrapper : Notified for TEST stock at flipkart.
2022-04-04 09:25:56.626608+05:30 : INFO : StockChecker.scrapper : TEST is in stock at flipkart.
2022-04-04 09:25:56.626608+05:30 : INFO : StockChecker.scrapper : TEST is in stock at flipkart.
2022-04-04 09:25:56.626608+05:30 : INFO : StockChecker.scrapper : TEST is in stock at flipkart.
2022-04-04 09:25:56.626608+05:30 : INFO : StockChecker.scrapper : Notified for TEST stock at flipkart.
2022-04-04 09:25:56.626608+05:30 : INFO : StockChecker.scrapper : TEST is in stock at flipkart.
2022-04-04 09:25:56.626608+05:30 : INFO : StockChecker.scrapper : Notified for TEST stock at flipkart.
2022-04-04 09:25:56.626608+05:30 : INFO : StockChecker.scrapper : TEST is in stock at flipkart.
2022-04-04 09:25:56.626608+05:30 : INFO : StockChecker.scrapper : Notified for TEST stock at flipkart.
2022-04-04 09:25:56.626608+05:30 : INFO : StockChecker.scrapper : TEST is in stock at flipkart.
2022-04-04 09:25:56.626608+05:30 : INFO : StockChecker.scrapper : Notified for TEST stock at flipkart.
2022-04-04 09:25:56.626608+05:30 : INFO : StockChecker.scrapper : TEST is in stock at flipkart.
2022-04-04 09:25:56.626608+05:30 : INFO : StockChecker.scrapper : Notified for TEST stock at flipkart.
2022-04-04 09:25:56.626608+05:30 : INFO : StockChecker.scrapper : TEST is in stock at flipkart.
2022-04-04 09:25:56.626608+05:30 : INFO : StockChecker.scrapper : Notified for TEST stock at flipkart.
2022-04-04 09:25:56.626608+05:30 : INFO : StockChecker.scrapper : TEST is in stock at flipkart.
2022-04-04 09:25:56.626608+05:30 : INFO : StockChecker.scrapper : Notified for TEST stock at flipkart.
2022-04-04 09:25:56.626608+05:30 : INFO : StockChecker.scrapper : TEST is in stock at flipkart.
2022-04-04 09:25:56.626608+05:30 : INFO : StockChecker.scrapper : Notified for TEST stock at flipkart.
2022-04-04 09:25:56.626608+05:30 : INFO : StockChecker.scrapper : TEST is in stock at flipkart.
2022-04-04 09:25:56.626608+05:30 : INFO : StockChecker.scrapper : Notified for TEST stock at flipkart.
2022-04-04 09:25:56.626608+05:30 : INFO : StockChecker.scrapper : TEST is in stock at flipkart.
2022-04-04 09:25:56.626608+05:30 : INFO : StockChecker.scrapper : Notified for TEST stock at flipkart.
2022-04-04 09:25:56.626608+05:30 : INFO : StockChecker.scrapper : TEST is in stock at flipkart.
2022-04-04 09:25:56.626608+05:30 : INFO : StockChecker.scrapper : TEST is in stock at flipkart.
2022-04-04 09:25:56.626608+05:30 : INFO : StockChecker.scrapper : TEST is in stock at flipkart.
2022-04-04 09:25:56.626608+05:30 : INFO : StockChecker.scrapper : Notified for TEST stock at flipkart.
2022-04-04 09:25:56.626608+05:30 : INFO : StockChecker.scrapper : TEST is in stock at flipkart.
2022-04-04 09:25:56.626608+05:30 : INFO : StockChecker.scrapper : TEST is in stock at flipkart.
2022-04-04 09:25:56.626608+05:30 : INFO : StockChecker.scrapper : TEST is in stock at flipkart.
2022-04-04 09:25:56.626608+05:30 : INFO : StockChecker.scrapper : TEST is in stock at flipkart.
2022-04-04 09:25:56.626608+05:30 : INFO : StockChecker.scrapper : Notified for TEST stock at flipkart.
2022-04-22 09:11:40.254060+05:30 : INFO : StockChecker.scrapper : TEST is in stock at flipkart.
2022-04-22 09:11:40.254060+05:30 : INFO : StockChecker.scrapper : Notified for TEST stock at flipkart.
2022-04-22 09:11:40.254060+05:30 : INFO : StockChecker.scrapper : TEST is in stock at flipkart.
2022-04-22 09:11:40.254060+05:30 : INFO : StockChecker.scrapper : Notified for TEST stock at flipkart.
2022-04-22 09:13:17.673221+05:30 : INFO : StockChecker.scrapper : DS_CHARGING_STATION is in stock at amazon.
2022-04-22 09:13:17.673221+05:30 : INFO : StockChecker.scrapper : Notified for DS_CHARGING_STATION stock at amazon.
2022-04-22 09:13:17.673221+05:30 : INFO : StockChecker.scrapper : TEST is in stock at flipkart.
2022-04-22 09:13:17.673221+05:30 : INFO : StockChecker.scrapper : Notified for TEST stock at flipkart.
2022-04-22 09:13:17.673221+05:30 : INFO : StockChecker.scrapper : DS_CHARGING_STATION is in stock at amazon.
2022-04-22 09:13:17.673221+05:30 : INFO : StockChecker.scrapper : DS_CHARGING_STATION is in stock at amazon.
2022-04-22 09:13:17.673221+05:30 : INFO : StockChecker.scrapper : DS_CHARGING_STATION is in stock at amazon.
2022-04-22 09:13:17.673221+05:30 : INFO : StockChecker.scrapper : DS_CHARGING_STATION is in stock at amazon.
2022-04-22 09:13:17.673221+05:30 : INFO : StockChecker.scrapper : DS_CHARGING_STATION is in stock at amazon.
2022-04-22 09:17:42.817725+05:30 : INFO : StockChecker.scrapper : TEST is in stock at flipkart.
2022-04-22 09:17:42.817725+05:30 : INFO : StockChecker.scrapper : Notified for TEST stock at flipkart.
2022-04-22 09:17:42.817725+05:30 : INFO : StockChecker.scrapper : DS_CHARGING_STATION is in stock at amazon.
2022-04-22 09:17:42.817725+05:30 : INFO : StockChecker.scrapper : Notified for DS_CHARGING_STATION stock at amazon.
2022-04-22 09:17:42.817725+05:30 : INFO : StockChecker.scrapper : DS_CHARGING_STATION is in stock at amazon.
2022-04-22 09:17:42.817725+05:30 : INFO : StockChecker.scrapper : DS_CHARGING_STATION is in stock at amazon.
2022-04-22 09:17:42.817725+05:30 : INFO : StockChecker.scrapper : DS_CHARGING_STATION is in stock at amazon.
2022-04-22 09:17:42.817725+05:30 : INFO : StockChecker.scrapper : DS_CHARGING_STATION is in stock at amazon.
2022-04-22 09:17:42.817725+05:30 : INFO : StockChecker.scrapper : DS_CHARGING_STATION is in stock at amazon.
2022-04-22 09:17:42.817725+05:30 : INFO : StockChecker.scrapper : TEST is in stock at flipkart.
2022-04-22 09:17:42.817725+05:30 : INFO : StockChecker.scrapper : Notified for TEST stock at flipkart.
2022-04-22 09:17:42.817725+05:30 : INFO : StockChecker.scrapper : DS_CHARGING_STATION is in stock at amazon.
2022-04-22 09:22:04.697092+05:30 : INFO : StockChecker.scrapper : DS_CHARGING_STATION is in stock at amazon.
2022-04-22 09:22:04.697092+05:30 : INFO : StockChecker.scrapper : Notified for DS_CHARGING_STATION stock at amazon.
2022-04-22 09:22:04.697092+05:30 : INFO : StockChecker.scrapper : TEST is in stock at flipkart.
2022-04-22 09:22:04.697092+05:30 : INFO : StockChecker.scrapper : Notified for TEST stock at flipkart.
2022-04-22 09:22:04.697092+05:30 : INFO : StockChecker.scrapper : DS_CHARGING_STATION is in stock at amazon.
2022-04-22 09:22:04.697092+05:30 : INFO : StockChecker.scrapper : TEST is in stock at flipkart.
2022-04-22 09:22:04.697092+05:30 : INFO : StockChecker.scrapper : DS_CHARGING_STATION is in stock at amazon.
2022-04-22 09:22:04.697092+05:30 : INFO : StockChecker.scrapper : DS_CHARGING_STATION is in stock at amazon.
2022-04-22 09:22:04.697092+05:30 : INFO : StockChecker.scrapper : TEST is in stock at flipkart.
2022-04-22 09:22:04.697092+05:30 : INFO : StockChecker.scrapper : DS_CHARGING_STATION is in stock at amazon.
2022-04-22 09:22:04.697092+05:30 : INFO : StockChecker.scrapper : DS_CHARGING_STATION is in stock at amazon.
2022-04-22 09:22:04.697092+05:30 : INFO : StockChecker.scrapper : DS_CHARGING_STATION is in stock at amazon.
2022-04-22 09:22:04.697092+05:30 : INFO : StockChecker.scrapper : DS_CHARGING_STATION is in stock at amazon.
2022-04-22 09:22:04.697092+05:30 : INFO : StockChecker.scrapper : TEST is in stock at flipkart.
2022-04-22 09:22:04.697092+05:30 : INFO : StockChecker.scrapper : Notified for TEST stock at flipkart.
2022-04-22 09:22:04.697092+05:30 : INFO : StockChecker.scrapper : DS_CHARGING_STATION is in stock at amazon.
2022-04-22 09:22:04.697092+05:30 : INFO : StockChecker.scrapper : DS_CHARGING_STATION is in stock at amazon.
2022-04-22 09:22:04.697092+05:30 : INFO : StockChecker.scrapper : TEST is in stock at flipkart.
2022-04-22 09:22:04.697092+05:30 : INFO : StockChecker.scrapper : DS_CHARGING_STATION is in stock at amazon.
2022-04-22 09:22:04.697092+05:30 : INFO : StockChecker.scrapper : DS_CHARGING_STATION is in stock at amazon.
2022-04-22 09:22:04.697092+05:30 : INFO : StockChecker.scrapper : TEST is in stock at flipkart.
2022-04-22 09:22:04.697092+05:30 : INFO : StockChecker.scrapper : DS_CHARGING_STATION is in stock at amazon.
2022-04-22 09:22:04.697092+05:30 : INFO : StockChecker.scrapper : DS_CHARGING_STATION is in stock at amazon.
2022-04-22 09:22:04.697092+05:30 : INFO : StockChecker.scrapper : TEST is in stock at flipkart.
2022-04-22 09:22:04.697092+05:30 : INFO : StockChecker.scrapper : DS_CHARGING_STATION is in stock at amazon.
2022-04-22 09:22:04.697092+05:30 : INFO : StockChecker.scrapper : DS_CHARGING_STATION is in stock at amazon.
2022-04-22 09:22:04.697092+05:30 : INFO : StockChecker.scrapper : TEST is in stock at flipkart.
2022-04-22 09:22:04.697092+05:30 : INFO : StockChecker.scrapper : DS_CHARGING_STATION is in stock at amazon.
2022-04-22 09:22:04.697092+05:30 : INFO : StockChecker.scrapper : DS_CHARGING_STATION is in stock at amazon.
2022-04-22 09:22:04.697092+05:30 : INFO : StockChecker.scrapper : TEST is in stock at flipkart.
2022-04-22 09:22:04.697092+05:30 : INFO : StockChecker.scrapper : DS_CHARGING_STATION is in stock at amazon.
2022-04-22 09:22:04.697092+05:30 : INFO : StockChecker.scrapper : DS_CHARGING_STATION is in stock at amazon.
2022-04-22 09:22:04.697092+05:30 : INFO : StockChecker.scrapper : TEST is in stock at flipkart.
2022-04-22 09:22:04.697092+05:30 : INFO : StockChecker.scrapper : DS_CHARGING_STATION is in stock at amazon.
2022-04-22 09:22:04.697092+05:30 : INFO : StockChecker.scrapper : DS_CHARGING_STATION is in stock at amazon.
2022-04-22 09:22:04.697092+05:30 : INFO : StockChecker.scrapper : DS_CHARGING_STATION is in stock at amazon.
2022-04-22 09:22:04.697092+05:30 : INFO : StockChecker.scrapper : DS_CHARGING_STATION is in stock at amazon.
2022-04-22 09:22:04.697092+05:30 : INFO : StockChecker.scrapper : DS_CHARGING_STATION is in stock at amazon.
2022-04-22 09:22:04.697092+05:30 : INFO : StockChecker.scrapper : DS_CHARGING_STATION is in stock at amazon.
2022-04-22 09:22:04.697092+05:30 : INFO : StockChecker.scrapper : DS_CHARGING_STATION is in stock at amazon.
2022-04-22 09:22:04.697092+05:30 : INFO : StockChecker.scrapper : TEST is in stock at flipkart.
2022-04-22 09:22:04.697092+05:30 : INFO : StockChecker.scrapper : Notified for TEST stock at flipkart.
2022-04-22 09:22:04.697092+05:30 : INFO : StockChecker.scrapper : DS_CHARGING_STATION is in stock at amazon.
2022-04-22 09:22:04.697092+05:30 : INFO : StockChecker.scrapper : DS_CHARGING_STATION is in stock at amazon.
2022-04-22 09:42:45.624418+05:30 : INFO : StockChecker.scrapper : DS_CHARGING_STATION is in stock at amazon.
2022-04-22 09:42:45.624418+05:30 : INFO : StockChecker.scrapper : XSX is in stock at reliance.
2022-04-22 09:42:45.624418+05:30 : INFO : StockChecker.scrapper : Notified for DS_CHARGING_STATION stock at amazon.
2022-04-22 09:42:45.624418+05:30 : INFO : StockChecker.scrapper : Notified for XSX stock at reliance.
2022-04-22 09:42:45.624418+05:30 : INFO : StockChecker.scrapper : XSX is in stock at ppgc.
2022-04-22 09:42:45.624418+05:30 : INFO : StockChecker.scrapper : Notified for XSX stock at ppgc.
2022-04-22 09:42:45.624418+05:30 : INFO : StockChecker.scrapper : DS_CHARGING_STATION is in stock at amazon.
2022-04-22 09:42:45.624418+05:30 : INFO : StockChecker.scrapper : XSX is in stock at reliance.
2022-04-22 09:42:45.624418+05:30 : INFO : StockChecker.scrapper : XSX is in stock at ppgc.
2022-04-22 09:42:45.624418+05:30 : INFO : StockChecker.scrapper : DS_CHARGING_STATION is in stock at amazon.
2022-04-22 09:42:45.624418+05:30 : INFO : StockChecker.scrapper : XSX is in stock at reliance.
2022-04-22 09:42:45.624418+05:30 : INFO : StockChecker.scrapper : XSX is in stock at ppgc.
2022-04-22 09:44:52.787693+05:30 : INFO : StockChecker.scrapper : DS_CHARGING_STATION is in stock at amazon.
2022-04-22 09:44:52.787693+05:30 : INFO : StockChecker.scrapper : XSX is in stock at ppgc.
2022-04-22 09:44:52.787693+05:30 : INFO : StockChecker.scrapper : XSX is in stock at reliance.
2022-04-22 09:44:52.787693+05:30 : INFO : StockChecker.scrapper : Notified for DS_CHARGING_STATION stock at amazon.
2022-04-22 09:44:52.787693+05:30 : INFO : StockChecker.scrapper : Notified for XSX stock at reliance.
2022-04-22 09:44:52.787693+05:30 : INFO : StockChecker.scrapper : Notified for XSX stock at ppgc.
2022-04-22 09:44:52.787693+05:30 : INFO : StockChecker.scrapper : DS_CHARGING_STATION is in stock at amazon.
2022-04-22 09:44:52.787693+05:30 : INFO : StockChecker.scrapper : XSX is in stock at reliance.
2022-04-22 09:44:52.787693+05:30 : INFO : StockChecker.scrapper : XSX is in stock at ppgc.
2022-04-22 09:44:52.787693+05:30 : INFO : StockChecker.scrapper : DS_CHARGING_STATION is in stock at amazon.
2022-04-22 09:44:52.787693+05:30 : INFO : StockChecker.scrapper : XSX is in stock at reliance.
2022-04-22 09:44:52.787693+05:30 : INFO : StockChecker.scrapper : XSX is in stock at ppgc.
2022-04-22 09:44:52.787693+05:30 : INFO : StockChecker.scrapper : DS_CHARGING_STATION is in stock at amazon.
2022-04-22 09:44:52.787693+05:30 : INFO : StockChecker.scrapper : XSX is in stock at reliance.
2022-04-22 09:44:52.787693+05:30 : INFO : StockChecker.scrapper : XSX is in stock at ppgc.
2022-04-22 09:44:52.787693+05:30 : INFO : StockChecker.scrapper : DS_CHARGING_STATION is in stock at amazon.
2022-04-22 09:44:52.787693+05:30 : INFO : StockChecker.scrapper : XSX is in stock at reliance.
2022-04-22 09:44:52.787693+05:30 : INFO : StockChecker.scrapper : XSX is in stock at ppgc.
2022-04-22 09:44:52.787693+05:30 : INFO : StockChecker.scrapper : DS_CHARGING_STATION is in stock at amazon.
2022-04-22 09:44:52.787693+05:30 : INFO : StockChecker.scrapper : XSX is in stock at reliance.
2022-04-22 09:44:52.787693+05:30 : INFO : StockChecker.scrapper : XSX is in stock at ppgc.
2022-04-22 09:44:52.787693+05:30 : INFO : StockChecker.scrapper : DS_CHARGING_STATION is in stock at amazon.
2022-04-22 09:44:52.787693+05:30 : INFO : StockChecker.scrapper : XSX is in stock at reliance.
2022-04-22 09:44:52.787693+05:30 : INFO : StockChecker.scrapper : XSX is in stock at ppgc.
2022-04-22 09:44:52.787693+05:30 : INFO : StockChecker.scrapper : DS_CHARGING_STATION is in stock at amazon.
2022-04-22 09:44:52.787693+05:30 : INFO : StockChecker.scrapper : XSX is in stock at reliance.
2022-04-22 09:44:52.787693+05:30 : INFO : StockChecker.scrapper : XSX is in stock at ppgc.
2022-04-22 09:44:52.787693+05:30 : INFO : StockChecker.scrapper : DS_CHARGING_STATION is in stock at amazon.
2022-04-22 09:44:52.787693+05:30 : INFO : StockChecker.scrapper : XSX is in stock at reliance.
2022-04-22 09:44:52.787693+05:30 : INFO : StockChecker.scrapper : XSX is in stock at ppgc.
2022-04-22 09:44:52.787693+05:30 : INFO : StockChecker.scrapper : DS_CHARGING_STATION is in stock at amazon.
2022-04-22 09:44:52.787693+05:30 : INFO : StockChecker.scrapper : XSX is in stock at reliance.
2022-04-22 09:44:52.787693+05:30 : INFO : StockChecker.scrapper : XSX is in stock at ppgc.
2022-04-22 09:44:52.787693+05:30 : INFO : StockChecker.scrapper : DS_CHARGING_STATION is in stock at amazon.
2022-04-22 09:44:52.787693+05:30 : INFO : StockChecker.scrapper : XSX is in stock at reliance.
2022-04-22 09:44:52.787693+05:30 : INFO : StockChecker.scrapper : XSX is in stock at ppgc.
2022-04-22 09:44:52.787693+05:30 : INFO : StockChecker.scrapper : DS_CHARGING_STATION is in stock at amazon.
2022-04-22 09:44:52.787693+05:30 : INFO : StockChecker.scrapper : XSX is in stock at reliance.
2022-04-22 09:44:52.787693+05:30 : INFO : StockChecker.scrapper : XSX is in stock at ppgc.
2022-04-22 09:44:52.787693+05:30 : INFO : StockChecker.scrapper : DS_CHARGING_STATION is in stock at amazon.
2022-04-22 09:44:52.787693+05:30 : INFO : StockChecker.scrapper : XSX is in stock at reliance.
2022-04-22 09:44:52.787693+05:30 : INFO : StockChecker.scrapper : XSX is in stock at ppgc.
2022-04-22 09:44:52.787693+05:30 : INFO : StockChecker.scrapper : DS_CHARGING_STATION is in stock at amazon.
2022-04-22 09:44:52.787693+05:30 : INFO : StockChecker.scrapper : XSX is in stock at reliance.
2022-04-22 09:44:52.787693+05:30 : INFO : StockChecker.scrapper : XSX is in stock at ppgc.
2022-04-22 09:44:52.787693+05:30 : INFO : StockChecker.scrapper : DS_CHARGING_STATION is in stock at amazon.
2022-04-22 09:44:52.787693+05:30 : INFO : StockChecker.scrapper : XSX is in stock at reliance.
2022-04-22 09:44:52.787693+05:30 : INFO : StockChecker.scrapper : XSX is in stock at ppgc.
2022-04-22 09:44:52.787693+05:30 : INFO : StockChecker.scrapper : DS_CHARGING_STATION is in stock at amazon.
2022-04-22 09:44:52.787693+05:30 : INFO : StockChecker.scrapper : XSX is in stock at reliance.
2022-04-22 09:44:52.787693+05:30 : INFO : StockChecker.scrapper : XSX is in stock at ppgc.
2022-04-22 09:44:52.787693+05:30 : INFO : StockChecker.scrapper : XSX is in stock at reliance.
2022-04-22 09:44:52.787693+05:30 : INFO : StockChecker.scrapper : DS_CHARGING_STATION is in stock at amazon.
2022-04-22 09:44:52.787693+05:30 : INFO : StockChecker.scrapper : XSX is in stock at ppgc.
2022-04-22 09:44:52.787693+05:30 : INFO : StockChecker.scrapper : XSX is in stock at reliance.
2022-04-22 09:44:52.787693+05:30 : INFO : StockChecker.scrapper : DS_CHARGING_STATION is in stock at amazon.
2022-04-22 09:44:52.787693+05:30 : INFO : StockChecker.scrapper : XSX is in stock at ppgc.
2022-04-22 09:44:52.787693+05:30 : INFO : StockChecker.scrapper : XSX is in stock at reliance.
2022-04-22 09:44:52.787693+05:30 : INFO : StockChecker.scrapper : DS_CHARGING_STATION is in stock at amazon.
2022-04-22 09:44:52.787693+05:30 : INFO : StockChecker.scrapper : XSX is in stock at ppgc.
2022-04-22 11:45:34.622568+05:30 : INFO : StockChecker.scrapper : PS5_GT7_BUNDLE is in stock at shopatsc.
2022-04-22 11:45:34.622568+05:30 : INFO : StockChecker.scrapper : Notified for PS5_GT7_BUNDLE stock at shopatsc.
2022-04-22 11:45:34.622568+05:30 : INFO : StockChecker.scrapper : PS5_GT7_BUNDLE is in stock at shopatsc.
2022-04-22 11:45:34.622568+05:30 : INFO : StockChecker.scrapper : PS5_GT7_BUNDLE is in stock at shopatsc.
2022-04-22 11:45:34.622568+05:30 : INFO : StockChecker.scrapper : PS5_GT7_BUNDLE is in stock at shopatsc.
2022-04-22 11:45:34.622568+05:30 : INFO : StockChecker.scrapper : PS5_GT7_BUNDLE is in stock at shopatsc.
2022-04-22 11:45:34.622568+05:30 : INFO : StockChecker.scrapper : PS5_GT7_BUNDLE is in stock at shopatsc.
2022-04-22 11:45:34.622568+05:30 : INFO : StockChecker.scrapper : PS5_GT7_BUNDLE is in stock at shopatsc.
2022-04-22 11:45:34.622568+05:30 : INFO : StockChecker.scrapper : PS5_GT7_BUNDLE is in stock at shopatsc.
2022-04-22 11:45:34.622568+05:30 : INFO : StockChecker.scrapper : PS5_GT7_BUNDLE is in stock at shopatsc.
2022-04-22 11:45:34.622568+05:30 : INFO : StockChecker.scrapper : PS5_GT7_BUNDLE is in stock at shopatsc.
2022-04-22 11:45:34.622568+05:30 : INFO : StockChecker.scrapper : PS5_GT7_BUNDLE is in stock at shopatsc.
2022-04-22 12:41:14.374318+05:30 : INFO : StockChecker.scrapper : PS5_GT7_BUNDLE is in stock at shopatsc.
2022-04-22 12:41:14.374318+05:30 : INFO : StockChecker.scrapper : Notified for PS5_GT7_BUNDLE stock at shopatsc.
2022-04-22 12:41:14.374318+05:30 : INFO : StockChecker.scrapper : PS5_GT7_BUNDLE is in stock at shopatsc.
2022-04-22 12:41:14.374318+05:30 : INFO : StockChecker.scrapper : PS5_GT7_BUNDLE is in stock at shopatsc.
2022-04-22 12:41:14.374318+05:30 : INFO : StockChecker.scrapper : PS5_GT7_BUNDLE is in stock at shopatsc.
2022-04-22 12:41:14.374318+05:30 : INFO : StockChecker.scrapper : PS5_GT7_BUNDLE is in stock at shopatsc.
2022-04-22 12:41:14.374318+05:30 : INFO : StockChecker.scrapper : PS5_GT7_BUNDLE is in stock at shopatsc.
2022-04-22 12:41:14.374318+05:30 : INFO : StockChecker.scrapper : PS5_GT7_BUNDLE is in stock at shopatsc.
2022-04-22 12:41:14.374318+05:30 : INFO : StockChecker.scrapper : PS5_DE is in stock at shopatsc.
2022-04-22 12:41:14.374318+05:30 : INFO : StockChecker.scrapper : Notified for PS5_DE stock at shopatsc.
2022-04-22 12:41:14.374318+05:30 : INFO : StockChecker.scrapper : PS5_DE is in stock at shopatsc.
2022-04-22 12:41:14.374318+05:30 : INFO : StockChecker.scrapper : PS5_DE is in stock at shopatsc.
2022-04-22 12:41:14.374318+05:30 : INFO : StockChecker.scrapper : PS5_DE is in stock at shopatsc.
2022-04-22 12:41:14.374318+05:30 : INFO : StockChecker.scrapper : PS5_DE is in stock at shopatsc.
2022-04-22 12:41:14.374318+05:30 : INFO : StockChecker.scrapper : PS5_DE is in stock at shopatsc.
2022-04-22 12:41:14.374318+05:30 : INFO : StockChecker.scrapper : PS5_DE is in stock at shopatsc.
2022-04-22 12:41:14.374318+05:30 : INFO : StockChecker.scrapper : PS5_DE is in stock at shopatsc.
2022-04-22 12:41:14.374318+05:30 : INFO : StockChecker.scrapper : PS5_DE is in stock at shopatsc.
2022-04-22 12:41:14.374318+05:30 : INFO : StockChecker.scrapper : PS5_DE is in stock at shopatsc.
2022-04-22 12:41:14.374318+05:30 : INFO : StockChecker.scrapper : PS5_DE is in stock at shopatsc.
2022-04-22 12:41:14.374318+05:30 : INFO : StockChecker.scrapper : Notified for PS5_DE stock at shopatsc.
2022-04-22 12:41:14.374318+05:30 : INFO : StockChecker.scrapper : PS5_DE is in stock at shopatsc.
2022-04-22 12:41:14.374318+05:30 : INFO : StockChecker.scrapper : PS5_DE is in stock at shopatsc.
2022-04-22 12:41:14.374318+05:30 : INFO : StockChecker.scrapper : PS5_DE is in stock at shopatsc.
2022-04-22 12:41:14.374318+05:30 : INFO : StockChecker.scrapper : PS5_DE is in stock at shopatsc.
2022-04-22 12:41:14.374318+05:30 : INFO : StockChecker.scrapper : PS5_DE is in stock at shopatsc.
2022-04-22 12:41:14.374318+05:30 : INFO : StockChecker.scrapper : PS5_DE is in stock at shopatsc.
2022-04-22 12:41:14.374318+05:30 : INFO : StockChecker.scrapper : PS5_DE is in stock at shopatsc.
2022-04-22 12:41:14.374318+05:30 : INFO : StockChecker.scrapper : PS5_DE is in stock at shopatsc.
2022-04-22 12:41:14.374318+05:30 : INFO : StockChecker.scrapper : PS5_DE is in stock at shopatsc.
2022-04-22 12:41:14.374318+05:30 : INFO : StockChecker.scrapper : PS5_DE is in stock at shopatsc.
2022-04-22 12:41:14.374318+05:30 : INFO : StockChecker.scrapper : PS5_DE is in stock at shopatsc.
2022-04-22 12:41:14.374318+05:30 : INFO : StockChecker.scrapper : PS5_DE is in stock at shopatsc.
2022-04-22 12:41:14.374318+05:30 : INFO : StockChecker.scrapper : PS5_DE is in stock at shopatsc.
2022-04-22 12:41:14.374318+05:30 : INFO : StockChecker.scrapper : PS5_DE is in stock at shopatsc.
2022-04-22 12:41:14.374318+05:30 : INFO : StockChecker.scrapper : PS5_GT7_BUNDLE is in stock at shopatsc.
2022-04-22 12:41:14.374318+05:30 : INFO : StockChecker.scrapper : Notified for PS5_GT7_BUNDLE stock at shopatsc.
2022-04-22 12:41:14.374318+05:30 : INFO : StockChecker.scrapper : PS5_GT7_BUNDLE is in stock at shopatsc.
2022-04-22 12:41:14.374318+05:30 : INFO : StockChecker.scrapper : PS5_GT7_BUNDLE is in stock at shopatsc.
2022-04-22 12:41:14.374318+05:30 : INFO : StockChecker.scrapper : PS5_GT7_BUNDLE is in stock at shopatsc.
2022-04-22 12:41:14.374318+05:30 : INFO : StockChecker.scrapper : PS5_GT7_BUNDLE is in stock at shopatsc.
2022-04-22 12:41:14.374318+05:30 : INFO : StockChecker.scrapper : PS5_GT7_BUNDLE is in stock at shopatsc.
2022-04-22 12:41:14.374318+05:30 : INFO : StockChecker.scrapper : PS5_GT7_BUNDLE is in stock at shopatsc.
2022-04-22 12:41:14.374318+05:30 : INFO : StockChecker.scrapper : PS5_GT7_BUNDLE is in stock at shopatsc.
2022-04-22 12:41:14.374318+05:30 : INFO : StockChecker.scrapper : PS5_GT7_BUNDLE is in stock at shopatsc.
2022-04-22 12:41:14.374318+05:30 : INFO : StockChecker.scrapper : PS5_GT7_BUNDLE is in stock at shopatsc.
2022-04-22 12:41:14.374318+05:30 : INFO : StockChecker.scrapper : Notified for PS5_GT7_BUNDLE stock at shopatsc.
2022-04-22 12:41:14.374318+05:30 : INFO : StockChecker.scrapper : PS5_GT7_BUNDLE is in stock at shopatsc.
2022-04-22 12:41:14.374318+05:30 : INFO : StockChecker.scrapper : PS5_GT7_BUNDLE is in stock at shopatsc.
2022-04-22 12:41:14.374318+05:30 : INFO : StockChecker.scrapper : PS5_GT7_BUNDLE is in stock at shopatsc.
2022-04-22 12:41:14.374318+05:30 : INFO : StockChecker.scrapper : PS5_GT7_BUNDLE is in stock at shopatsc.
2022-04-22 12:41:14.374318+05:30 : INFO : StockChecker.scrapper : PS5_GT7_BUNDLE is in stock at shopatsc.
2022-04-22 12:41:14.374318+05:30 : INFO : StockChecker.scrapper : PS5_GT7_BUNDLE is in stock at shopatsc.
2022-04-22 12:41:14.374318+05:30 : INFO : StockChecker.scrapper : PS5_GT7_BUNDLE is in stock at shopatsc.
2022-04-22 12:41:14.374318+05:30 : INFO : StockChecker.scrapper : PS5_DE is in stock at shopatsc.
2022-04-22 12:41:14.374318+05:30 : INFO : StockChecker.scrapper : Notified for PS5_DE stock at shopatsc.
2022-04-22 12:41:14.374318+05:30 : INFO : StockChecker.scrapper : PS5_DE is in stock at shopatsc.
2022-04-22 12:41:14.374318+05:30 : INFO : StockChecker.scrapper : PS5_DE is in stock at shopatsc.
2022-04-22 12:41:14.374318+05:30 : INFO : StockChecker.scrapper : PS5_DE is in stock at shopatsc.
2022-04-22 12:41:14.374318+05:30 : INFO : StockChecker.scrapper : PS5_DE is in stock at shopatsc.
2022-04-22 12:41:14.374318+05:30 : INFO : StockChecker.scrapper : PS5_DE is in stock at shopatsc.
2022-04-22 12:41:14.374318+05:30 : INFO : StockChecker.scrapper : PS5_DE is in stock at shopatsc.
2022-04-22 12:41:14.374318+05:30 : INFO : StockChecker.scrapper : PS5_DE is in stock at shopatsc.
2022-04-22 12:41:14.374318+05:30 : INFO : StockChecker.scrapper : PS5_DE is in stock at shopatsc.
2022-04-22 12:41:14.374318+05:30 : INFO : StockChecker.scrapper : Notified for PS5_DE stock at shopatsc.
2022-04-22 12:41:14.374318+05:30 : INFO : StockChecker.scrapper : PS5_DE is in stock at shopatsc.
2022-04-22 12:41:14.374318+05:30 : INFO : StockChecker.scrapper : PS5_DE is in stock at shopatsc.
2022-04-22 12:41:14.374318+05:30 : INFO : StockChecker.scrapper : PS5_DE is in stock at shopatsc.
2022-04-22 12:41:14.374318+05:30 : INFO : StockChecker.scrapper : PS5_DE is in stock at shopatsc.
2022-04-22 12:41:14.374318+05:30 : INFO : StockChecker.scrapper : PS5_DE is in stock at shopatsc.
2022-04-22 12:41:14.374318+05:30 : INFO : StockChecker.scrapper : PS5_DE is in stock at shopatsc.
2022-04-22 12:41:14.374318+05:30 : INFO : StockChecker.scrapper : PS5_DE is in stock at shopatsc.
2022-04-22 12:41:14.374318+05:30 : INFO : StockChecker.scrapper : PS5_DE is in stock at shopatsc.
2022-04-22 12:41:14.374318+05:30 : INFO : StockChecker.scrapper : PS5_DE is in stock at shopatsc.
2022-04-22 12:41:14.374318+05:30 : INFO : StockChecker.scrapper : PS5_DE is in stock at shopatsc.
2022-04-22 12:41:14.374318+05:30 : INFO : StockChecker.scrapper : PS5_DE is in stock at shopatsc.
2022-04-22 12:41:14.374318+05:30 : INFO : StockChecker.scrapper : PS5_DE is in stock at shopatsc.
2022-04-22 12:41:14.374318+05:30 : INFO : StockChecker.scrapper : PS5_DE is in stock at shopatsc.
2022-04-22 12:41:14.374318+05:30 : INFO : StockChecker.scrapper : PS5_DE is in stock at shopatsc.
2022-04-22 12:41:14.374318+05:30 : INFO : StockChecker.scrapper : PS5_DE is in stock at shopatsc.
2022-04-22 12:41:14.374318+05:30 : INFO : StockChecker.scrapper : PS5_DE is in stock at shopatsc.
2022-04-22 12:41:14.374318+05:30 : INFO : StockChecker.scrapper : PS5_DE is in stock at shopatsc.
2022-04-22 12:41:14.374318+05:30 : INFO : StockChecker.scrapper : PS5_DE is in stock at shopatsc.
2022-04-22 12:41:14.374318+05:30 : INFO : StockChecker.scrapper : PS5_GT7_BUNDLE is in stock at shopatsc.
2022-04-22 12:41:14.374318+05:30 : INFO : StockChecker.scrapper : Notified for PS5_GT7_BUNDLE stock at shopatsc.
2022-04-22 12:41:14.374318+05:30 : INFO : StockChecker.scrapper : PS5_GT7_BUNDLE is in stock at shopatsc.
2022-04-22 12:41:14.374318+05:30 : INFO : StockChecker.scrapper : PS5_GT7_BUNDLE is in stock at shopatsc.
2022-04-22 12:41:14.374318+05:30 : INFO : StockChecker.scrapper : PS5_GT7_BUNDLE is in stock at shopatsc.
2022-04-22 12:41:14.374318+05:30 : INFO : StockChecker.scrapper : PS5_GT7_BUNDLE is in stock at shopatsc.
2022-04-22 12:41:14.374318+05:30 : INFO : StockChecker.scrapper : PS5_GT7_BUNDLE is in stock at shopatsc.
2022-04-22 12:41:14.374318+05:30 : INFO : StockChecker.scrapper : PS5_GT7_BUNDLE is in stock at shopatsc.
2022-04-22 12:41:14.374318+05:30 : INFO : StockChecker.scrapper : PS5 is in stock at shopatsc.
2022-04-22 12:41:14.374318+05:30 : INFO : StockChecker.scrapper : Notified for PS5 stock at shopatsc.
2022-04-22 12:41:14.374318+05:30 : INFO : StockChecker.scrapper : PS5 is in stock at shopatsc.
2022-04-22 12:41:14.374318+05:30 : INFO : StockChecker.scrapper : PS5 is in stock at shopatsc.
2022-04-22 12:41:14.374318+05:30 : INFO : StockChecker.scrapper : PS5 is in stock at shopatsc.
2022-04-22 12:41:14.374318+05:30 : INFO : StockChecker.scrapper : PS5 is in stock at shopatsc.
2022-04-22 12:41:14.374318+05:30 : INFO : StockChecker.scrapper : PS5 is in stock at shopatsc.
2022-04-22 12:41:14.374318+05:30 : INFO : StockChecker.scrapper : PS5 is in stock at shopatsc.
2022-04-22 12:41:14.374318+05:30 : INFO : StockChecker.scrapper : PS5 is in stock at shopatsc.
2022-04-22 12:41:14.374318+05:30 : INFO : StockChecker.scrapper : PS5 is in stock at shopatsc.
2022-04-22 12:41:14.374318+05:30 : INFO : StockChecker.scrapper : PS5 is in stock at shopatsc.
2022-04-22 12:41:14.374318+05:30 : INFO : StockChecker.scrapper : PS5 is in stock at shopatsc.
2022-04-22 12:41:14.374318+05:30 : INFO : StockChecker.scrapper : Notified for PS5 stock at shopatsc.
2022-04-22 12:41:14.374318+05:30 : INFO : StockChecker.scrapper : PS5 is in stock at shopatsc.
2022-04-22 12:41:14.374318+05:30 : INFO : StockChecker.scrapper : PS5 is in stock at shopatsc.
2022-04-22 12:41:14.374318+05:30 : INFO : StockChecker.scrapper : PS5 is in stock at shopatsc.
2022-04-22 12:41:14.374318+05:30 : INFO : StockChecker.scrapper : PS5 is in stock at shopatsc.
