2021-09-20 17:45:39.632340+05:30 : ERROR : cogs.RequestsStockChecker : Server returned 502 URL:https://www.flipkart.com/sony-playstation-5-cfi-1008a01r-825-gb-astro-s-playroom/p/itma0201bdea62fa
2021-09-20 17:45:39.632340+05:30 : ERROR : cogs.RequestsStockChecker : Server returned 502 URL:https://www.flipkart.com/microsoft-xbox-series-x-1024-gb/p/itm63ff9bd504f27
2021-09-20 17:45:39.632340+05:30 : ERROR : cogs.RequestsStockChecker : Flipkart Error Product: PS5
2021-09-20 17:45:39.632340+05:30 : ERROR : cogs.RequestsStockChecker : Flipkart Error Product: XSX
2021-09-20 17:45:39.632340+05:30 : ERROR : cogs.RequestsStockChecker : Server returned 502 URL:https://www.flipkart.com/microsoft-xbox-series-s-512-gb/p/itm13c51f9047da8
2021-09-20 17:45:39.632340+05:30 : ERROR : cogs.RequestsStockChecker : Flipkart Error Product: XSS
2021-09-20 17:45:39.632340+05:30 : ERROR : cogs.RequestsStockChecker : Server returned 502 URL:https://www.flipkart.com/sony-playstation-5-cfi-1008b01r-825-gb-astro-s-playroom/p/itm8bf74f8d0b890?
2021-09-20 17:45:39.632340+05:30 : ERROR : cogs.RequestsStockChecker : Flipkart Error Product: PS5_DE
2021-09-20 17:45:39.632340+05:30 : ERROR : cogs.RequestsStockChecker : Server returned 503 URL:https://www.flipkart.com/sony-playstation-5-cfi-1008b01r-825-gb-astro-s-playroom/p/itm8bf74f8d0b890?
2021-09-20 17:45:39.632340+05:30 : ERROR : cogs.RequestsStockChecker : Flipkart Error Product: PS5_DE
2021-09-20 17:45:39.632340+05:30 : ERROR : cogs.RequestsStockChecker : Server returned 503 URL:https://www.flipkart.com/sony-playstation-5-cfi-1008a01r-825-gb-astro-s-playroom/p/itma0201bdea62fa
2021-09-20 17:45:39.632340+05:30 : ERROR : cogs.RequestsStockChecker : Server returned 503 URL:https://www.flipkart.com/microsoft-xbox-series-x-1024-gb/p/itm63ff9bd504f27
2021-09-20 17:45:39.632340+05:30 : ERROR : cogs.RequestsStockChecker : Flipkart Error Product: PS5
2021-09-20 17:45:39.632340+05:30 : ERROR : cogs.RequestsStockChecker : Flipkart Error Product: XSX
2021-09-20 17:45:39.632340+05:30 : ERROR : cogs.RequestsStockChecker : Server returned 503 URL:https://www.flipkart.com/sony-playstation-5-cfi-1008b01r-825-gb-astro-s-playroom/p/itm8bf74f8d0b890?
2021-09-20 17:45:39.632340+05:30 : ERROR : cogs.RequestsStockChecker : Flipkart Error Product: PS5_DE
2021-09-20 17:45:39.632340+05:30 : ERROR : cogs.RequestsStockChecker : Server returned 503 URL:https://www.flipkart.com/sony-playstation-5-cfi-1008a01r-825-gb-astro-s-playroom/p/itma0201bdea62fa
2021-09-20 17:45:39.632340+05:30 : ERROR : cogs.RequestsStockChecker : Flipkart Error Product: PS5
2021-09-20 17:46:33.414555+05:30 : ERROR : cogs.RequestsStockChecker : Server returned 503 URL:https://www.flipkart.com/microsoft-xbox-series-x-1024-gb/p/itm63ff9bd504f27
2021-09-20 17:46:33.414555+05:30 : ERROR : cogs.RequestsStockChecker : Flipkart Error Product: XSX
2021-09-20 17:46:33.414555+05:30 : ERROR : cogs.RequestsStockChecker : Server returned 503 URL:https://www.flipkart.com/sony-playstation-5-cfi-1008a01r-825-gb-astro-s-playroom/p/itma0201bdea62fa
2021-09-20 17:46:33.414555+05:30 : ERROR : cogs.RequestsStockChecker : Flipkart Error Product: PS5
2021-09-20 17:46:33.414555+05:30 : ERROR : cogs.RequestsStockChecker : Server returned 504 URL:https://www.flipkart.com/sony-playstation-5-cfi-1008b01r-825-gb-astro-s-playroom/p/itm8bf74f8d0b890?
2021-09-20 17:46:33.414555+05:30 : ERROR : cogs.RequestsStockChecker : Flipkart Error Product: PS5_DE
2021-09-20 17:46:33.414555+05:30 : ERROR : cogs.RequestsStockChecker : Server returned 504 URL:https://www.flipkart.com/microsoft-xbox-series-s-512-gb/p/itm13c51f9047da8
2021-09-20 17:46:33.414555+05:30 : ERROR : cogs.RequestsStockChecker : Flipkart Error Product: XSS
2021-09-20 17:46:33.414555+05:30 : ERROR : cogs.RequestsStockChecker : Server returned 504 URL:https://www.flipkart.com/sony-playstation-5-cfi-1008a01r-825-gb-astro-s-playroom/p/itma0201bdea62fa
2021-09-20 17:46:33.414555+05:30 : ERROR : cogs.RequestsStockChecker : Flipkart Error Product: PS5
2021-09-20 17:46:33.414555+05:30 : ERROR : cogs.RequestsStockChecker : Server returned 504 URL:https://www.flipkart.com/microsoft-xbox-series-x-1024-gb/p/itm63ff9bd504f27
2021-09-20 17:46:33.414555+05:30 : ERROR : cogs.RequestsStockChecker : Flipkart Error Product: XSX
2021-09-20 17:46:33.414555+05:30 : ERROR : cogs.RequestsStockChecker : Server returned 503 URL:https://www.flipkart.com/sony-playstation-5-cfi-1008a01r-825-gb-astro-s-playroom/p/itma0201bdea62fa
2021-09-20 17:46:33.414555+05:30 : ERROR : cogs.RequestsStockChecker : Flipkart Error Product: PS5
2021-09-20 17:46:33.414555+05:30 : ERROR : cogs.RequestsStockChecker : Server returned 503 URL:https://www.flipkart.com/microsoft-xbox-series-x-1024-gb/p/itm63ff9bd504f27
2021-09-20 17:46:33.414555+05:30 : ERROR : cogs.RequestsStockChecker : Flipkart Error Product: XSX
2021-09-20 17:46:33.414555+05:30 : ERROR : cogs.RequestsStockChecker : Server returned 504 URL:https://www.flipkart.com/microsoft-xbox-series-s-512-gb/p/itm13c51f9047da8
2021-09-20 17:46:33.414555+05:30 : ERROR : cogs.RequestsStockChecker : Server returned 504 URL:https://www.flipkart.com/sony-playstation-5-cfi-1008b01r-825-gb-astro-s-playroom/p/itm8bf74f8d0b890?
2021-09-20 17:46:33.414555+05:30 : ERROR : cogs.RequestsStockChecker : Flipkart Error Product: XSS
2021-09-20 17:46:33.414555+05:30 : ERROR : cogs.RequestsStockChecker : Flipkart Error Product: PS5_DE
2021-09-20 17:46:33.414555+05:30 : ERROR : cogs.RequestsStockChecker : Server returned 503 URL:https://www.flipkart.com/sony-playstation-5-cfi-1008a01r-825-gb-astro-s-playroom/p/itma0201bdea62fa
2021-09-20 17:46:33.414555+05:30 : ERROR : cogs.RequestsStockChecker : Flipkart Error Product: PS5
2021-09-20 17:46:33.414555+05:30 : ERROR : cogs.RequestsStockChecker : Server returned 503 URL:https://www.flipkart.com/microsoft-xbox-series-x-1024-gb/p/itm63ff9bd504f27
2021-09-20 17:46:33.414555+05:30 : ERROR : cogs.RequestsStockChecker : Flipkart Error Product: XSX
2021-09-20 17:46:33.414555+05:30 : ERROR : cogs.RequestsStockChecker : Server returned 503 URL:https://www.flipkart.com/sony-playstation-5-cfi-1008b01r-825-gb-astro-s-playroom/p/itm8bf74f8d0b890?
2021-09-20 17:46:33.414555+05:30 : ERROR : cogs.RequestsStockChecker : Flipkart Error Product: PS5_DE
2021-09-20 17:46:33.414555+05:30 : ERROR : cogs.RequestsStockChecker : Server returned 503 URL:https://www.flipkart.com/microsoft-xbox-series-s-512-gb/p/itm13c51f9047da8
2021-09-20 17:46:33.414555+05:30 : ERROR : cogs.RequestsStockChecker : Flipkart Error Product: XSS
2021-09-20 17:46:33.414555+05:30 : ERROR : cogs.RequestsStockChecker : Server returned 500 URL:https://www.flipkart.com/microsoft-xbox-series-x-1024-gb/p/itm63ff9bd504f27
2021-09-20 17:46:33.414555+05:30 : ERROR : cogs.RequestsStockChecker : Flipkart Error Product: XSX
2021-09-20 17:46:33.414555+05:30 : ERROR : cogs.RequestsStockChecker : Server returned 504 URL:https://www.flipkart.com/microsoft-xbox-series-s-512-gb/p/itm13c51f9047da8
2021-09-20 17:46:33.414555+05:30 : ERROR : cogs.RequestsStockChecker : Flipkart Error Product: XSS
2021-09-20 17:46:33.414555+05:30 : ERROR : cogs.RequestsStockChecker : Server returned 504 URL:https://www.flipkart.com/sony-playstation-5-cfi-1008b01r-825-gb-astro-s-playroom/p/itm8bf74f8d0b890?
2021-09-20 17:46:33.414555+05:30 : ERROR : cogs.RequestsStockChecker : Flipkart Error Product: PS5_DE
2021-09-20 17:49:19.699586+05:30 : ERROR : cogs.RequestsStockChecker : Server returned 504 URL:https://www.flipkart.com/sony-playstation-5-cfi-1008a01r-825-gb-astro-s-playroom/p/itma0201bdea62fa
2021-09-20 17:49:19.699586+05:30 : ERROR : cogs.RequestsStockChecker : Flipkart Error Product: PS5
2021-09-20 17:49:19.699586+05:30 : ERROR : cogs.RequestsStockChecker : Server returned 504 URL:https://www.flipkart.com/microsoft-xbox-series-x-1024-gb/p/itm63ff9bd504f27
2021-09-20 17:49:19.699586+05:30 : ERROR : cogs.RequestsStockChecker : Flipkart Error Product: XSX
2021-09-20 17:49:19.699586+05:30 : ERROR : cogs.RequestsStockChecker : Server returned 504 URL:https://www.flipkart.com/sony-playstation-5-cfi-1008b01r-825-gb-astro-s-playroom/p/itm8bf74f8d0b890?
2021-09-20 17:49:19.699586+05:30 : ERROR : cogs.RequestsStockChecker : Flipkart Error Product: PS5_DE
2021-09-20 17:49:19.699586+05:30 : ERROR : cogs.RequestsStockChecker : ShopAtSC Error Product: PS5_DE
2021-09-20 17:50:12.958415+05:30 : ERROR : cogs.RequestsStockChecker : Server returned 504 URL:https://www.flipkart.com/microsoft-xbox-series-x-1024-gb/p/itm63ff9bd504f27
2021-09-20 17:50:12.958415+05:30 : ERROR : cogs.RequestsStockChecker : Flipkart Error Product: XSX
2021-09-20 17:50:12.958415+05:30 : ERROR : cogs.RequestsStockChecker : Server returned 504 URL:https://www.flipkart.com/sony-playstation-5-cfi-1008a01r-825-gb-astro-s-playroom/p/itma0201bdea62fa
2021-09-20 17:50:12.958415+05:30 : ERROR : cogs.RequestsStockChecker : Server returned 504 URL:https://www.flipkart.com/microsoft-xbox-series-s-512-gb/p/itm13c51f9047da8
2021-09-20 17:50:12.958415+05:30 : ERROR : cogs.RequestsStockChecker : Flipkart Error Product: PS5
2021-09-20 17:50:12.958415+05:30 : ERROR : cogs.RequestsStockChecker : Flipkart Error Product: XSS
2021-09-20 17:50:12.958415+05:30 : ERROR : cogs.RequestsStockChecker : Server returned 504 URL:https://www.flipkart.com/sony-playstation-5-cfi-1008b01r-825-gb-astro-s-playroom/p/itm8bf74f8d0b890?
2021-09-20 17:51:19.596185+05:30 : ERROR : cogs.RequestsStockChecker : Server returned 504 URL:https://www.flipkart.com/sony-playstation-5-cfi-1008b01r-825-gb-astro-s-playroom/p/itm8bf74f8d0b890?
2021-09-20 17:50:12.958415+05:30 : ERROR : cogs.RequestsStockChecker : Flipkart Error Product: PS5_DE
2021-09-20 17:51:19.596185+05:30 : ERROR : cogs.RequestsStockChecker : Flipkart Error Product: PS5_DE
2021-09-22 00:29:20.699215+05:30 : ERROR : cogs.RequestsStockChecker : Flipkart Error Product: PS5_DE
2021-09-22 00:29:20.699215+05:30 : ERROR : cogs.RequestsStockChecker : Flipkart Error Product: XSS
2021-09-22 00:38:37.782684+05:30 : ERROR : cogs.RequestsStockChecker : Flipkart Error Product: PS5_DE
2021-09-22 00:39:46.125530+05:30 : ERROR : cogs.RequestsStockChecker : Flipkart Error Product: PS5_DE
2021-10-04 22:54:58.744516+05:30 : ERROR : StockChecker.RequestsStockChecker : Flipkart Error Product: XSS
2021-10-04 22:55:45.050231+05:30 : ERROR : StockChecker.RequestsStockChecker : Flipkart Error Product: XSS
2021-10-04 22:57:10.847133+05:30 : ERROR : StockChecker.RequestsStockChecker : Flipkart Error Product: XSS
2021-10-04 23:27:14.434994+05:30 : ERROR : StockChecker.RequestsStockChecker : Flipkart Error Product: XSS
2021-10-04 23:32:41.501184+05:30 : ERROR : StockChecker.RequestsStockChecker : Flipkart Error Product: XSX
2021-10-05 18:03:36.015792+05:30 : ERROR : StockChecker.RequestsStockChecker : Flipkart Error Product: XSS
2021-10-05 18:44:45.619200+05:30 : ERROR : StockChecker.RequestsStockChecker : Flipkart Error Product: XSS
2021-10-05 18:45:42.574114+05:30 : ERROR : StockChecker.RequestsStockChecker : Flipkart Error Product: XSS
2021-10-05 18:46:43.094276+05:30 : ERROR : StockChecker.RequestsStockChecker : Flipkart Error Product: XSS
2021-10-05 18:55:04.324690+05:30 : ERROR : StockChecker.RequestsStockChecker : Flipkart Error Product: XSS
2021-10-05 18:56:52.230409+05:30 : ERROR : StockChecker.RequestsStockChecker : Flipkart Error Product: XSS
2021-10-05 18:57:31.765700+05:30 : ERROR : StockChecker.RequestsStockChecker : Flipkart Error Product: XSS
2021-10-05 18:59:10.747830+05:30 : ERROR : StockChecker.RequestsStockChecker : Flipkart Error Product: XSS
2021-10-05 21:33:45.136203+05:30 : ERROR : StockChecker.RequestsStockChecker : Flipkart Error Product: PS5_DE
2021-10-05 21:33:45.136203+05:30 : ERROR : StockChecker.RequestsStockChecker : Flipkart Error Product: PS5_DE
2021-10-05 21:33:45.136203+05:30 : ERROR : StockChecker.RequestsStockChecker : Flipkart Error Product: XSX
2021-10-05 21:33:45.136203+05:30 : ERROR : StockChecker.RequestsStockChecker : Flipkart Error Product: PS5
2021-10-05 21:33:45.136203+05:30 : ERROR : StockChecker.RequestsStockChecker : Flipkart Error Product: PS5_DE
2021-10-05 21:33:45.136203+05:30 : ERROR : StockChecker.RequestsStockChecker : Flipkart Error Product: PS5
2021-10-05 21:33:45.136203+05:30 : ERROR : StockChecker.RequestsStockChecker : Flipkart Error Product: PS5_DE
2021-10-06 23:22:40.022244+05:30 : ERROR : StockChecker.RequestsStockChecker : Flipkart Error Product: PS5
2021-10-06 23:22:40.022244+05:30 : ERROR : StockChecker.RequestsStockChecker : Flipkart Error Product: XSX
2021-10-07 00:18:19.755041+05:30 : ERROR : StockChecker.RequestsStockChecker : Flipkart Error Product: XSX
2021-10-07 08:04:48.350660+05:30 : ERROR : StockChecker.RequestsStockChecker : Flipkart Error Product: PS5_DE
2021-10-07 08:04:48.350660+05:30 : ERROR : StockChecker.RequestsStockChecker : Flipkart Error Product: PS5
2021-10-07 08:04:48.350660+05:30 : ERROR : StockChecker.RequestsStockChecker : Flipkart Error Product: PS5
2021-10-07 08:04:48.350660+05:30 : ERROR : StockChecker.RequestsStockChecker : Flipkart Error Product: XSS
2021-10-07 08:04:48.350660+05:30 : ERROR : StockChecker.RequestsStockChecker : Flipkart Error Product: PS5
2021-10-07 08:04:48.350660+05:30 : ERROR : StockChecker.RequestsStockChecker : Flipkart Error Product: PS5
2021-10-07 08:04:48.350660+05:30 : ERROR : StockChecker.RequestsStockChecker : Flipkart Error Product: PS5
2021-10-07 08:04:48.350660+05:30 : ERROR : StockChecker.RequestsStockChecker : Flipkart Error Product: XSS
2021-10-07 12:03:59.246021+05:30 : ERROR : StockChecker.RequestsStockChecker : Flipkart Error Product: PS5
